Started GET "/" for 127.0.0.1 at 2026-03-08 15:46:24 +0100
Processing by PagesController#index as HTML
  Rendering layout layouts/application.html.erb
  Rendering pages/index.html.erb within layouts/application
  Rendered pages/index.html.erb within layouts/application (Duration: 0.7ms | GC: 0.0ms)
  Rendered layout layouts/application.html.erb (Duration: 5.4ms | GC: 0.2ms)
Completed 200 OK in 54ms (Views: 10.4ms | GC: 0.5ms)


Started GET "/" for 127.0.0.1 at 2026-03-08 15:46:29 +0100
Processing by PagesController#index as HTML
  Rendering layout layouts/application.html.erb
  Rendering pages/index.html.erb within layouts/application
  Rendered pages/index.html.erb within layouts/application (Duration: 0.1ms | GC: 0.0ms)
  Rendered layout layouts/application.html.erb (Duration: 0.9ms | GC: 0.0ms)
Completed 200 OK in 22ms (Views: 1.2ms | GC: 0.7ms)


Started GET "/" for 127.0.0.1 at 2026-03-08 15:46:38 +0100
Processing by PagesController#index as HTML
  Rendering layout layouts/application.html.erb
  Rendering pages/index.html.erb within layouts/application
  Rendered pages/index.html.erb within layouts/application (Duration: 0.1ms | GC: 0.0ms)
  Rendered layout layouts/application.html.erb (Duration: 1.0ms | GC: 0.0ms)
Completed 200 OK in 23ms (Views: 1.4ms | GC: 0.0ms)


Started GET "/resources.html" for 127.0.0.1 at 2026-03-08 15:46:43 +0100
  
ActionController::RoutingError (No route matches [GET] "/resources.html"):
  
Started GET "/about.html" for 127.0.0.1 at 2026-03-08 15:48:19 +0100
  
ActionController::RoutingError (No route matches [GET] "/about.html"):
  
Started GET "/" for 127.0.0.1 at 2026-03-08 15:56:15 +0100
Processing by PagesController#index as HTML
  Rendering layout layouts/application.html.erb
  Rendering pages/index.html.erb within layouts/application
  Rendered pages/index.html.erb within layouts/application (Duration: 0.1ms | GC: 0.0ms)
  Rendered layout layouts/application.html.erb (Duration: 1.3ms | GC: 0.0ms)
Completed 200 OK in 16ms (Views: 1.7ms | GC: 0.2ms)


Started GET "/" for 127.0.0.1 at 2026-03-08 17:17:00 +0100
Processing by PagesController#index as HTML
  Rendering layout layouts/application.html.erb
  Rendering pages/index.html.erb within layouts/application
  Rendered pages/index.html.erb within layouts/application (Duration: 1.0ms | GC: 0.0ms)
  Rendered layout layouts/application.html.erb (Duration: 21.1ms | GC: 12.1ms)
Completed 200 OK in 117ms (Views: 35.2ms | GC: 12.1ms)


Started GET "/" for 127.0.0.1 at 2026-03-19 21:29:00 +0100
Processing by PagesController#index as HTML
  Rendering layout layouts/application.html.erb
  Rendering pages/index.html.erb within layouts/application
  Rendered pages/index.html.erb within layouts/application (Duration: 0.7ms | GC: 0.0ms)
  Rendered layout layouts/application.html.erb (Duration: 13.4ms | GC: 0.2ms)
Completed 200 OK in 148ms (Views: 34.3ms | GC: 0.5ms)


Started GET "/favicon.ico" for 127.0.0.1 at 2026-03-19 21:29:01 +0100
  
ActionController::RoutingError (No route matches [GET] "/favicon.ico"):
  
[ActionDispatch::HostAuthorization::DefaultResponseApp] Blocked hosts: www.example.com
Started GET "/" for 127.0.0.1 at 2026-03-19 22:22:20 +0100
Processing by PagesController#index as HTML
  Rendering layout layouts/application.html.erb
  Rendering pages/index.html.erb within layouts/application
  Rendered pages/index.html.erb within layouts/application (Duration: 1.1ms | GC: 0.0ms)
  Rendered layout layouts/application.html.erb (Duration: 4.2ms | GC: 0.1ms)
Completed 200 OK in 65ms (Views: 7.9ms | GC: 0.3ms)


Started GET "/log_book" for 127.0.0.1 at 2026-03-19 22:29:01 +0100
  
ActionController::RoutingError (No route matches [GET] "/log_book"):
  
Started GET "/log_book" for 127.0.0.1 at 2026-03-19 22:29:07 +0100
  
ActionController::RoutingError (No route matches [GET] "/log_book"):
  
Started GET "/" for 127.0.0.1 at 2026-03-19 22:29:11 +0100
Processing by PagesController#index as HTML
  Rendering layout layouts/application.html.erb
  Rendering pages/index.html.erb within layouts/application
  Rendered pages/index.html.erb within layouts/application (Duration: 1.0ms | GC: 0.0ms)
  Rendered layout layouts/application.html.erb (Duration: 8.1ms | GC: 0.0ms)
Completed 200 OK in 195ms (Views: 10.5ms | GC: 1.1ms)


Started GET "/" for 127.0.0.1 at 2026-03-19 23:00:01 +0100
Processing by PagesController#index as HTML
  Rendering layout layouts/application.html.erb
  Rendering pages/index.html.erb within layouts/application
  Rendered pages/index.html.erb within layouts/application (Duration: 0.6ms | GC: 0.0ms)
  Rendered layout layouts/application.html.erb (Duration: 7.0ms | GC: 0.0ms)
Completed 200 OK in 240ms (Views: 35.8ms | GC: 0.0ms)


Started GET "/editor" for 127.0.0.1 at 2026-03-19 23:03:07 +0100
  
ActionController::RoutingError (No route matches [GET] "/editor"):
  
Started GET "/" for 127.0.0.1 at 2026-03-19 23:03:11 +0100
Processing by PagesController#index as HTML
  Rendering layout layouts/application.html.erb
  Rendering pages/index.html.erb within layouts/application
  Rendered pages/index.html.erb within layouts/application (Duration: 1.3ms | GC: 0.4ms)
  Rendered layout layouts/application.html.erb (Duration: 6.2ms | GC: 2.4ms)
Completed 200 OK in 56ms (Views: 7.7ms | GC: 6.1ms)


Started GET "/log_book" for 127.0.0.1 at 2026-03-19 23:36:18 +0100
  
ActionController::RoutingError (No route matches [GET] "/log_book"):
  
Started GET "/" for 127.0.0.1 at 2026-03-19 23:36:22 +0100
Processing by PagesController#index as HTML
  Rendering layout layouts/application.html.erb
  Rendering pages/index.html.erb within layouts/application
  Rendered pages/index.html.erb within layouts/application (Duration: 1.1ms | GC: 0.0ms)
  Rendered layout layouts/application.html.erb (Duration: 8.1ms | GC: 0.0ms)
Completed 200 OK in 175ms (Views: 10.1ms | GC: 0.0ms)


