Started GET "/" for 127.0.0.1 at 2026-03-08 15:46:24 +0100
Processing by PagesController#index as HTML
  Rendering layout layouts/application.html.erb
  Rendering pages/index.html.erb within layouts/application
  Rendered pages/index.html.erb within layouts/application (Duration: 0.7ms | GC: 0.0ms)
  Rendered layout layouts/application.html.erb (Duration: 5.4ms | GC: 0.2ms)
Completed 200 OK in 54ms (Views: 10.4ms | GC: 0.5ms)


Started GET "/" for 127.0.0.1 at 2026-03-08 15:46:29 +0100
Processing by PagesController#index as HTML
  Rendering layout layouts/application.html.erb
  Rendering pages/index.html.erb within layouts/application
  Rendered pages/index.html.erb within layouts/application (Duration: 0.1ms | GC: 0.0ms)
  Rendered layout layouts/application.html.erb (Duration: 0.9ms | GC: 0.0ms)
Completed 200 OK in 22ms (Views: 1.2ms | GC: 0.7ms)


Started GET "/" for 127.0.0.1 at 2026-03-08 15:46:38 +0100
Processing by PagesController#index as HTML
  Rendering layout layouts/application.html.erb
  Rendering pages/index.html.erb within layouts/application
  Rendered pages/index.html.erb within layouts/application (Duration: 0.1ms | GC: 0.0ms)
  Rendered layout layouts/application.html.erb (Duration: 1.0ms | GC: 0.0ms)
Completed 200 OK in 23ms (Views: 1.4ms | GC: 0.0ms)


Started GET "/resources.html" for 127.0.0.1 at 2026-03-08 15:46:43 +0100
  
ActionController::RoutingError (No route matches [GET] "/resources.html"):
  
Started GET "/about.html" for 127.0.0.1 at 2026-03-08 15:48:19 +0100
  
ActionController::RoutingError (No route matches [GET] "/about.html"):
  
Started GET "/" for 127.0.0.1 at 2026-03-08 15:56:15 +0100
Processing by PagesController#index as HTML
  Rendering layout layouts/application.html.erb
  Rendering pages/index.html.erb within layouts/application
  Rendered pages/index.html.erb within layouts/application (Duration: 0.1ms | GC: 0.0ms)
  Rendered layout layouts/application.html.erb (Duration: 1.3ms | GC: 0.0ms)
Completed 200 OK in 16ms (Views: 1.7ms | GC: 0.2ms)


[ActionDispatch::HostAuthorization::DefaultResponseApp] Blocked hosts: www.example.com
  Rendering layout layouts/application.html.erb
  Rendering pages/index.html.erb within layouts/application
  Rendered pages/index.html.erb within layouts/application (Duration: 1.0ms | GC: 0.0ms)
  Rendered layout layouts/application.html.erb (Duration: 3.4ms | GC: 0.0ms)
Started GET "/" for 127.0.0.1 at 2026-03-08 16:38:04 +0100
Processing by PagesController#index as HTML
  Rendering layout layouts/application.html.erb
  Rendering pages/index.html.erb within layouts/application
  Rendered pages/index.html.erb within layouts/application (Duration: 0.7ms | GC: 0.0ms)
  Rendered layout layouts/application.html.erb (Duration: 10.6ms | GC: 0.2ms)
Completed 200 OK in 146ms (Views: 19.7ms | GC: 0.4ms)


  Rendering layout layouts/application.html.erb
  Rendering pages/index.html.erb within layouts/application
  Rendered pages/index.html.erb within layouts/application (Duration: 0.6ms | GC: 0.0ms)
  Rendered layout layouts/application.html.erb (Duration: 2.8ms | GC: 0.0ms)
Started GET "/" for 127.0.0.1 at 2026-03-08 16:45:05 +0100
Processing by PagesController#index as HTML
  Rendering layout layouts/application.html.erb
  Rendering pages/index.html.erb within layouts/application
  Rendered pages/index.html.erb within layouts/application (Duration: 0.7ms | GC: 0.0ms)
  Rendered layout layouts/application.html.erb (Duration: 4.1ms | GC: 0.2ms)
Completed 200 OK in 49ms (Views: 7.3ms | GC: 0.4ms)


  Rendering layout layouts/application.html.erb
  Rendering pages/index.html.erb within layouts/application
  Rendered pages/index.html.erb within layouts/application (Duration: 0.8ms | GC: 0.0ms)
  Rendered layout layouts/application.html.erb (Duration: 5.3ms | GC: 0.0ms)
Started GET "/" for 127.0.0.1 at 2026-03-08 16:48:41 +0100
Processing by PagesController#index as HTML
  Rendering layout layouts/application.html.erb
  Rendering pages/index.html.erb within layouts/application
  Rendered pages/index.html.erb within layouts/application (Duration: 0.6ms | GC: 0.0ms)
  Rendered layout layouts/application.html.erb (Duration: 8.9ms | GC: 0.2ms)
Completed 200 OK in 92ms (Views: 12.8ms | GC: 0.4ms)


Started GET "/" for 127.0.0.1 at 2026-03-08 16:49:24 +0100
Processing by PagesController#index as HTML
  Rendering layout layouts/application.html.erb
  Rendering pages/index.html.erb within layouts/application
  Rendered pages/index.html.erb within layouts/application (Duration: 0.1ms | GC: 0.0ms)
  Rendered layout layouts/application.html.erb (Duration: 1.7ms | GC: 0.0ms)
Completed 200 OK in 23ms (Views: 2.2ms | GC: 0.0ms)


Started GET "/" for 127.0.0.1 at 2026-03-08 16:49:25 +0100
Processing by PagesController#index as HTML
  Rendering layout layouts/application.html.erb
  Rendering pages/index.html.erb within layouts/application
  Rendered pages/index.html.erb within layouts/application (Duration: 0.1ms | GC: 0.0ms)
  Rendered layout layouts/application.html.erb (Duration: 0.5ms | GC: 0.0ms)
Completed 200 OK in 15ms (Views: 0.7ms | GC: 0.0ms)


Started GET "/" for 127.0.0.1 at 2026-03-08 16:49:27 +0100
Processing by PagesController#index as HTML
  Rendering layout layouts/application.html.erb
  Rendering pages/index.html.erb within layouts/application
  Rendered pages/index.html.erb within layouts/application (Duration: 0.1ms | GC: 0.0ms)
  Rendered layout layouts/application.html.erb (Duration: 1.1ms | GC: 0.0ms)
Completed 200 OK in 23ms (Views: 1.5ms | GC: 0.0ms)


Started GET "/" for 127.0.0.1 at 2026-03-08 16:51:53 +0100
Processing by PagesController#index as HTML
  Rendering layout layouts/application.html.erb
  Rendering pages/index.html.erb within layouts/application
  Rendered pages/index.html.erb within layouts/application (Duration: 0.7ms | GC: 0.0ms)
  Rendered layout layouts/application.html.erb (Duration: 5.9ms | GC: 0.3ms)
Completed 200 OK in 58ms (Views: 10.5ms | GC: 0.6ms)


Started GET "/" for 127.0.0.1 at 2026-03-08 16:51:58 +0100
Processing by PagesController#index as HTML
  Rendering layout layouts/application.html.erb
  Rendering pages/index.html.erb within layouts/application
  Rendered pages/index.html.erb within layouts/application (Duration: 0.1ms | GC: 0.0ms)
  Rendered layout layouts/application.html.erb (Duration: 1.1ms | GC: 0.0ms)
Completed 200 OK in 23ms (Views: 1.4ms | GC: 0.0ms)


Started GET "/" for 127.0.0.1 at 2026-03-08 16:52:00 +0100
Processing by PagesController#index as HTML
  Rendering layout layouts/application.html.erb
  Rendering pages/index.html.erb within layouts/application
  Rendered pages/index.html.erb within layouts/application (Duration: 0.1ms | GC: 0.0ms)
  Rendered layout layouts/application.html.erb (Duration: 0.6ms | GC: 0.0ms)
Completed 200 OK in 16ms (Views: 0.7ms | GC: 0.0ms)


Started GET "/" for 127.0.0.1 at 2026-03-08 16:52:09 +0100
Processing by PagesController#index as HTML
  Rendering layout layouts/application.html.erb
  Rendering pages/index.html.erb within layouts/application
  Rendered pages/index.html.erb within layouts/application (Duration: 0.6ms | GC: 0.0ms)
  Rendered layout layouts/application.html.erb (Duration: 4.0ms | GC: 0.2ms)
Completed 200 OK in 43ms (Views: 6.6ms | GC: 0.4ms)


Started GET "/" for 127.0.0.1 at 2026-03-08 16:52:47 +0100
Processing by PagesController#index as HTML
  Rendering layout layouts/application.html.erb
  Rendering pages/index.html.erb within layouts/application
  Rendered pages/index.html.erb within layouts/application (Duration: 0.7ms | GC: 0.0ms)
  Rendered layout layouts/application.html.erb (Duration: 5.3ms | GC: 0.2ms)
Completed 200 OK in 52ms (Views: 9.0ms | GC: 0.5ms)


Started GET "/" for 127.0.0.1 at 2026-03-08 16:55:11 +0100
Processing by PagesController#index as HTML
  Rendering layout layouts/application.html.erb
  Rendering pages/index.html.erb within layouts/application
  Rendered pages/index.html.erb within layouts/application (Duration: 0.6ms | GC: 0.0ms)
  Rendered layout layouts/application.html.erb (Duration: 4.2ms | GC: 0.2ms)
Completed 200 OK in 45ms (Views: 8.5ms | GC: 0.4ms)


Started GET "/" for 127.0.0.1 at 2026-03-08 16:58:54 +0100
Processing by PagesController#index as HTML
  Rendering layout layouts/application.html.erb
  Rendering pages/index.html.erb within layouts/application
  Rendered pages/index.html.erb within layouts/application (Duration: 0.6ms | GC: 0.0ms)
  Rendered layout layouts/application.html.erb (Duration: 3.9ms | GC: 0.2ms)
Completed 200 OK in 48ms (Views: 7.3ms | GC: 0.4ms)


Started GET "/" for 127.0.0.1 at 2026-03-08 17:00:04 +0100
Processing by PagesController#index as HTML
  Rendering layout layouts/application.html.erb
  Rendering pages/index.html.erb within layouts/application
  Rendered pages/index.html.erb within layouts/application (Duration: 0.6ms | GC: 0.0ms)
  Rendered layout layouts/application.html.erb (Duration: 4.2ms | GC: 0.2ms)
Completed 200 OK in 43ms (Views: 8.8ms | GC: 0.4ms)


Started GET "/" for 127.0.0.1 at 2026-03-08 17:01:59 +0100
Processing by PagesController#index as HTML
  Rendering layout layouts/application.html.erb
  Rendering pages/index.html.erb within layouts/application
  Rendered pages/index.html.erb within layouts/application (Duration: 0.7ms | GC: 0.0ms)
  Rendered layout layouts/application.html.erb (Duration: 5.2ms | GC: 0.3ms)
Completed 200 OK in 58ms (Views: 10.2ms | GC: 0.5ms)


Started GET "/" for 127.0.0.1 at 2026-03-08 17:05:50 +0100
Processing by PagesController#index as HTML
  Rendering layout layouts/application.html.erb
  Rendering pages/index.html.erb within layouts/application
  Rendered pages/index.html.erb within layouts/application (Duration: 0.7ms | GC: 0.0ms)
  Rendered layout layouts/application.html.erb (Duration: 6.8ms | GC: 0.3ms)
Completed 200 OK in 66ms (Views: 12.9ms | GC: 0.6ms)


Started GET "/" for 127.0.0.1 at 2026-03-08 17:09:42 +0100
Processing by PagesController#index as HTML
  Rendering layout layouts/application.html.erb
  Rendering pages/index.html.erb within layouts/application
  Rendered pages/index.html.erb within layouts/application (Duration: 0.7ms | GC: 0.0ms)
  Rendered layout layouts/application.html.erb (Duration: 6.1ms | GC: 0.3ms)
Completed 200 OK in 53ms (Views: 10.7ms | GC: 0.5ms)


Started GET "/" for 127.0.0.1 at 2026-03-08 17:10:47 +0100
Processing by PagesController#index as HTML
  Rendering layout layouts/application.html.erb
  Rendering pages/index.html.erb within layouts/application
  Rendered pages/index.html.erb within layouts/application (Duration: 0.6ms | GC: 0.0ms)
  Rendered layout layouts/application.html.erb (Duration: 4.2ms | GC: 0.2ms)
Completed 200 OK in 40ms (Views: 7.3ms | GC: 0.4ms)


Started GET "/" for 127.0.0.1 at 2026-03-08 17:12:47 +0100
Processing by PagesController#index as HTML
  Rendering layout layouts/application.html.erb
  Rendering pages/index.html.erb within layouts/application
  Rendered pages/index.html.erb within layouts/application (Duration: 0.7ms | GC: 0.0ms)
  Rendered layout layouts/application.html.erb (Duration: 5.0ms | GC: 0.2ms)
Completed 200 OK in 55ms (Views: 11.5ms | GC: 0.5ms)


Started GET "/" for 127.0.0.1 at 2026-03-08 17:12:54 +0100
Processing by PagesController#index as HTML
  Rendering layout layouts/application.html.erb
  Rendering pages/index.html.erb within layouts/application
  Rendered pages/index.html.erb within layouts/application (Duration: 0.1ms | GC: 0.0ms)
  Rendered layout layouts/application.html.erb (Duration: 0.8ms | GC: 0.0ms)
Completed 200 OK in 19ms (Views: 1.1ms | GC: 0.0ms)


Started GET "/" for 127.0.0.1 at 2026-03-08 17:14:23 +0100
Processing by PagesController#index as HTML
  Rendering layout layouts/application.html.erb
  Rendering pages/index.html.erb within layouts/application
  Rendered pages/index.html.erb within layouts/application (Duration: 0.8ms | GC: 0.0ms)
  Rendered layout layouts/application.html.erb (Duration: 9.6ms | GC: 0.3ms)
Completed 200 OK in 73ms (Views: 14.7ms | GC: 0.5ms)


Started GET "/" for 127.0.0.1 at 2026-03-08 17:15:13 +0100
Processing by PagesController#index as HTML
  Rendering layout layouts/application.html.erb
  Rendering pages/index.html.erb within layouts/application
  Rendered pages/index.html.erb within layouts/application (Duration: 0.7ms | GC: 0.0ms)
  Rendered layout layouts/application.html.erb (Duration: 4.9ms | GC: 0.3ms)
Completed 200 OK in 53ms (Views: 9.9ms | GC: 0.5ms)


Started GET "/" for 127.0.0.1 at 2026-03-08 17:15:48 +0100
Processing by PagesController#index as HTML
  Rendering layout layouts/application.html.erb
  Rendering pages/index.html.erb within layouts/application
  Rendered pages/index.html.erb within layouts/application (Duration: 0.6ms | GC: 0.0ms)
  Rendered layout layouts/application.html.erb (Duration: 4.4ms | GC: 0.2ms)
Completed 200 OK in 46ms (Views: 8.5ms | GC: 0.4ms)


Started GET "/" for 127.0.0.1 at 2026-03-08 17:16:29 +0100
Processing by PagesController#index as HTML
  Rendering layout layouts/application.html.erb
  Rendering pages/index.html.erb within layouts/application
  Rendered pages/index.html.erb within layouts/application (Duration: 0.7ms | GC: 0.0ms)
  Rendered layout layouts/application.html.erb (Duration: 6.4ms | GC: 0.3ms)
Completed 200 OK in 53ms (Views: 10.9ms | GC: 0.6ms)


[ActionDispatch::HostAuthorization::DefaultResponseApp] Blocked hosts: www.example.com
[ActionDispatch::HostAuthorization::DefaultResponseApp] Blocked hosts: www.example.com
[ActionDispatch::HostAuthorization::DefaultResponseApp] Blocked hosts: www.example.com
[ActionDispatch::HostAuthorization::DefaultResponseApp] Blocked hosts: www.example.com
Started GET "/" for 127.0.0.1 at 2026-03-08 17:25:23 +0100
Started GET "/quick_search" for 127.0.0.1 at 2026-03-08 17:25:23 +0100
Processing by PagesController#index as HTML
Processing by PagesController#quick_search as HTML
  Rendering layout layouts/application.html.erb
  Rendering layout layouts/application.html.erb
  Rendering pages/index.html.erb within layouts/application
  Rendering pages/quick_search.html.erb within layouts/application
  Rendered shared/_command_table.html.erb (Duration: 0.3ms | GC: 0.0ms)
  Rendered shared/_command_table.html.erb (Duration: 0.0ms | GC: 0.0ms)
  Rendered shared/_command_table.html.erb (Duration: 0.0ms | GC: 0.0ms)
  Rendered shared/_command_table.html.erb (Duration: 0.0ms | GC: 0.0ms)
  Rendered shared/_command_table.html.erb (Duration: 0.0ms | GC: 0.0ms)
  Rendered shared/_command_table.html.erb (Duration: 0.5ms | GC: 0.0ms)
  Rendered pages/quick_search.html.erb within layouts/application (Duration: 6.9ms | GC: 5.5ms)
  Rendered shared/_command_table.html.erb (Duration: 0.0ms | GC: 0.0ms)
  Rendered shared/_command_table.html.erb (Duration: 0.0ms | GC: 0.0ms)
  Rendered shared/_command_table.html.erb (Duration: 0.0ms | GC: 0.0ms)
  Rendered shared/_command_table.html.erb (Duration: 0.0ms | GC: 0.0ms)
  Rendered shared/_command_table.html.erb (Duration: 0.0ms | GC: 0.0ms)
  Rendered shared/_command_table.html.erb (Duration: 0.0ms | GC: 0.0ms)
  Rendered pages/index.html.erb within layouts/application (Duration: 10.7ms | GC: 6.4ms)
  Rendered layout layouts/application.html.erb (Duration: 21.6ms | GC: 6.6ms)
  Rendered layout layouts/application.html.erb (Duration: 21.6ms | GC: 5.9ms)
Completed 500 Internal Server Error in 177ms (GC: 6.6ms)


Completed 500 Internal Server Error in 177ms (GC: 5.9ms)


  
ActionView::Template::Error (The asset 'app.css' was not found in the load path.)
Caused by: Propshaft::MissingAssetError (The asset 'app.css' was not found in the load path.)

Information for: ActionView::Template::Error (The asset 'app.css' was not found in the load path.):
     8:     <link rel="preconnect" href="https://fonts.googleapis.com">
     9:     <link rel="preconnect" href="https://fonts.gstatic.com" crossorigin>
    10:     <link href="https://fonts.googleapis.com/css?family=Architects+Daughter" rel="stylesheet" type="text/css">
    11:     <%= stylesheet_link_tag "bootstrap-4.6.2.min", "dataTables.bootstrap4.min", :app %>
    12:   </head>
    13: 
    14:   <body id="top">
  
app/views/layouts/application.html.erb:11

Information for cause: Propshaft::MissingAssetError (The asset 'app.css' was not found in the load path.):
  
app/views/layouts/application.html.erb:11
  
ActionView::Template::Error (The asset 'app.css' was not found in the load path.)
Caused by: Propshaft::MissingAssetError (The asset 'app.css' was not found in the load path.)

Information for: ActionView::Template::Error (The asset 'app.css' was not found in the load path.):
     8:     <link rel="preconnect" href="https://fonts.googleapis.com">
     9:     <link rel="preconnect" href="https://fonts.gstatic.com" crossorigin>
    10:     <link href="https://fonts.googleapis.com/css?family=Architects+Daughter" rel="stylesheet" type="text/css">
    11:     <%= stylesheet_link_tag "bootstrap-4.6.2.min", "dataTables.bootstrap4.min", :app %>
    12:   </head>
    13: 
    14:   <body id="top">
  
app/views/layouts/application.html.erb:11

Information for cause: Propshaft::MissingAssetError (The asset 'app.css' was not found in the load path.):
  
app/views/layouts/application.html.erb:11
Started GET "/" for 127.0.0.1 at 2026-03-08 17:25:40 +0100
Processing by PagesController#index as HTML
  Rendering layout layouts/application.html.erb
  Rendering pages/index.html.erb within layouts/application
  Rendered shared/_command_table.html.erb (Duration: 0.3ms | GC: 0.0ms)
  Rendered shared/_command_table.html.erb (Duration: 0.0ms | GC: 0.0ms)
  Rendered shared/_command_table.html.erb (Duration: 0.0ms | GC: 0.0ms)
  Rendered shared/_command_table.html.erb (Duration: 0.0ms | GC: 0.0ms)
  Rendered shared/_command_table.html.erb (Duration: 0.0ms | GC: 0.0ms)
  Rendered shared/_command_table.html.erb (Duration: 0.0ms | GC: 0.0ms)
  Rendered shared/_command_table.html.erb (Duration: 0.0ms | GC: 0.0ms)
  Rendered shared/_command_table.html.erb (Duration: 0.0ms | GC: 0.0ms)
  Rendered shared/_command_table.html.erb (Duration: 0.0ms | GC: 0.0ms)
  Rendered shared/_command_table.html.erb (Duration: 0.0ms | GC: 0.0ms)
  Rendered shared/_command_table.html.erb (Duration: 0.0ms | GC: 0.0ms)
  Rendered pages/index.html.erb within layouts/application (Duration: 2.4ms | GC: 0.0ms)
  Rendered layout layouts/application.html.erb (Duration: 6.7ms | GC: 0.0ms)
Completed 500 Internal Server Error in 43ms (GC: 0.3ms)


  
ActionView::Template::Error (The asset 'app.css' was not found in the load path.)
Caused by: Propshaft::MissingAssetError (The asset 'app.css' was not found in the load path.)

Information for: ActionView::Template::Error (The asset 'app.css' was not found in the load path.):
     8:     <link rel="preconnect" href="https://fonts.googleapis.com">
     9:     <link rel="preconnect" href="https://fonts.gstatic.com" crossorigin>
    10:     <link href="https://fonts.googleapis.com/css?family=Architects+Daughter" rel="stylesheet" type="text/css">
    11:     <%= stylesheet_link_tag "bootstrap-4.6.2.min", "dataTables.bootstrap4.min", :app %>
    12:   </head>
    13: 
    14:   <body id="top">
  
app/views/layouts/application.html.erb:11

Information for cause: Propshaft::MissingAssetError (The asset 'app.css' was not found in the load path.):
  
app/views/layouts/application.html.erb:11
Started GET "/quick_search" for 127.0.0.1 at 2026-03-08 17:26:09 +0100
Started GET "/" for 127.0.0.1 at 2026-03-08 17:26:09 +0100
Processing by PagesController#index as HTML
Processing by PagesController#quick_search as HTML
  Rendering layout layouts/application.html.erb
  Rendering layout layouts/application.html.erb
  Rendering pages/quick_search.html.erb within layouts/application
  Rendering pages/index.html.erb within layouts/application
  Rendered shared/_command_table.html.erb (Duration: 0.4ms | GC: 0.0ms)
  Rendered pages/quick_search.html.erb within layouts/application (Duration: 1.0ms | GC: 0.0ms)
  Rendered shared/_command_table.html.erb (Duration: 0.2ms | GC: 0.0ms)
  Rendered shared/_command_table.html.erb (Duration: 0.0ms | GC: 0.0ms)
  Rendered shared/_command_table.html.erb (Duration: 0.0ms | GC: 0.0ms)
  Rendered shared/_command_table.html.erb (Duration: 0.0ms | GC: 0.0ms)
  Rendered shared/_command_table.html.erb (Duration: 0.0ms | GC: 0.0ms)
  Rendered shared/_command_table.html.erb (Duration: 0.0ms | GC: 0.0ms)
  Rendered shared/_command_table.html.erb (Duration: 0.0ms | GC: 0.0ms)
  Rendered shared/_command_table.html.erb (Duration: 0.0ms | GC: 0.0ms)
  Rendered shared/_command_table.html.erb (Duration: 0.0ms | GC: 0.0ms)
  Rendered shared/_command_table.html.erb (Duration: 0.0ms | GC: 0.0ms)
  Rendered shared/_command_table.html.erb (Duration: 0.0ms | GC: 0.0ms)
  Rendered pages/index.html.erb within layouts/application (Duration: 1.9ms | GC: 0.0ms)
  Rendered layout layouts/application.html.erb (Duration: 9.9ms | GC: 0.0ms)
Completed 200 OK in 67ms (Views: 12.7ms | GC: 0.4ms)


  Rendered layout layouts/application.html.erb (Duration: 10.9ms | GC: 5.4ms)
Completed 200 OK in 67ms (Views: 13.6ms | GC: 5.4ms)


Started GET "/" for 127.0.0.1 at 2026-03-08 17:27:51 +0100
Processing by PagesController#index as HTML
  Rendering layout layouts/application.html.erb
  Rendering pages/index.html.erb within layouts/application
  Rendered shared/_command_table.html.erb (Duration: 0.4ms | GC: 0.0ms)
  Rendered shared/_command_table.html.erb (Duration: 0.0ms | GC: 0.0ms)
  Rendered shared/_command_table.html.erb (Duration: 0.0ms | GC: 0.0ms)
  Rendered shared/_command_table.html.erb (Duration: 0.0ms | GC: 0.0ms)
  Rendered shared/_command_table.html.erb (Duration: 0.0ms | GC: 0.0ms)
  Rendered shared/_command_table.html.erb (Duration: 0.0ms | GC: 0.0ms)
  Rendered shared/_command_table.html.erb (Duration: 0.0ms | GC: 0.0ms)
  Rendered shared/_command_table.html.erb (Duration: 0.0ms | GC: 0.0ms)
  Rendered shared/_command_table.html.erb (Duration: 0.0ms | GC: 0.0ms)
  Rendered shared/_command_table.html.erb (Duration: 0.0ms | GC: 0.0ms)
  Rendered shared/_command_table.html.erb (Duration: 0.0ms | GC: 0.0ms)
  Rendered pages/index.html.erb within layouts/application (Duration: 10.9ms | GC: 0.2ms)
  Rendered layout layouts/application.html.erb (Duration: 84.3ms | GC: 0.8ms)
Completed 200 OK in 158ms (Views: 106.7ms | GC: 1.0ms)


Removed sourceMappingURL comment for missing asset 'bootstrap.min.css.map' from bootstrap-4.6.2.min.css
Removed sourceMappingURL comment for missing asset 'bootstrap.bundle.min.js.map' from bootstrap-4.6.2.bundle.min.js
Started GET "/quick_search" for 127.0.0.1 at 2026-03-08 17:27:57 +0100
Processing by PagesController#quick_search as HTML
  Rendering layout layouts/application.html.erb
  Rendering pages/quick_search.html.erb within layouts/application
  Rendered shared/_command_table.html.erb (Duration: 0.6ms | GC: 0.0ms)
  Rendered pages/quick_search.html.erb within layouts/application (Duration: 1.4ms | GC: 0.0ms)
  Rendered layout layouts/application.html.erb (Duration: 2.6ms | GC: 0.0ms)
Completed 200 OK in 53ms (Views: 3.1ms | GC: 0.0ms)


Started GET "/" for 127.0.0.1 at 2026-03-08 17:32:48 +0100
Processing by PagesController#index as HTML
  Rendering layout layouts/application.html.erb
  Rendering pages/index.html.erb within layouts/application
  Rendered shared/_command_table.html.erb (Duration: 0.1ms | GC: 0.0ms)
  Rendered shared/_command_table.html.erb (Duration: 0.0ms | GC: 0.0ms)
  Rendered shared/_command_table.html.erb (Duration: 0.0ms | GC: 0.0ms)
  Rendered shared/_command_table.html.erb (Duration: 0.0ms | GC: 0.0ms)
  Rendered shared/_command_table.html.erb (Duration: 0.0ms | GC: 0.0ms)
  Rendered shared/_command_table.html.erb (Duration: 0.0ms | GC: 0.0ms)
  Rendered shared/_command_table.html.erb (Duration: 0.0ms | GC: 0.0ms)
  Rendered shared/_command_table.html.erb (Duration: 0.0ms | GC: 0.0ms)
  Rendered shared/_command_table.html.erb (Duration: 0.0ms | GC: 0.0ms)
  Rendered shared/_command_table.html.erb (Duration: 0.0ms | GC: 0.0ms)
  Rendered shared/_command_table.html.erb (Duration: 0.0ms | GC: 0.0ms)
  Rendered pages/index.html.erb within layouts/application (Duration: 1.9ms | GC: 0.0ms)
  Rendered layout layouts/application.html.erb (Duration: 2.5ms | GC: 0.0ms)
Completed 200 OK in 20ms (Views: 2.7ms | GC: 0.0ms)


Started GET "/quick_search" for 127.0.0.1 at 2026-03-08 17:32:51 +0100
Processing by PagesController#quick_search as HTML
  Rendering layout layouts/application.html.erb
  Rendering pages/quick_search.html.erb within layouts/application
  Rendered shared/_command_table.html.erb (Duration: 0.2ms | GC: 0.0ms)
  Rendered pages/quick_search.html.erb within layouts/application (Duration: 0.3ms | GC: 0.0ms)
  Rendered layout layouts/application.html.erb (Duration: 0.9ms | GC: 0.0ms)
Completed 200 OK in 17ms (Views: 1.1ms | GC: 0.0ms)


Started GET "/" for 127.0.0.1 at 2026-03-08 17:32:52 +0100
Processing by PagesController#index as HTML
  Rendering layout layouts/application.html.erb
  Rendering pages/index.html.erb within layouts/application
  Rendered shared/_command_table.html.erb (Duration: 0.1ms | GC: 0.0ms)
  Rendered shared/_command_table.html.erb (Duration: 0.0ms | GC: 0.0ms)
  Rendered shared/_command_table.html.erb (Duration: 0.0ms | GC: 0.0ms)
  Rendered shared/_command_table.html.erb (Duration: 0.0ms | GC: 0.0ms)
  Rendered shared/_command_table.html.erb (Duration: 0.0ms | GC: 0.0ms)
  Rendered shared/_command_table.html.erb (Duration: 0.0ms | GC: 0.0ms)
  Rendered shared/_command_table.html.erb (Duration: 0.0ms | GC: 0.0ms)
  Rendered shared/_command_table.html.erb (Duration: 0.0ms | GC: 0.0ms)
  Rendered shared/_command_table.html.erb (Duration: 0.0ms | GC: 0.0ms)
  Rendered shared/_command_table.html.erb (Duration: 0.0ms | GC: 0.0ms)
  Rendered shared/_command_table.html.erb (Duration: 0.0ms | GC: 0.0ms)
  Rendered pages/index.html.erb within layouts/application (Duration: 2.2ms | GC: 0.0ms)
  Rendered layout layouts/application.html.erb (Duration: 3.1ms | GC: 0.0ms)
Completed 200 OK in 23ms (Views: 3.4ms | GC: 0.0ms)


Started GET "/quick_search" for 127.0.0.1 at 2026-03-08 17:43:38 +0100
Started GET "/" for 127.0.0.1 at 2026-03-08 17:43:38 +0100
Processing by PagesController#quick_search as HTML
Processing by PagesController#index as HTML
  Rendering layout layouts/application.html.erb
  Rendering layout layouts/application.html.erb
  Rendering pages/quick_search.html.erb within layouts/application
  Rendering pages/index.html.erb within layouts/application
  Rendered pages/index.html.erb within layouts/application (Duration: 0.7ms | GC: 0.0ms)
  Rendered shared/_command_table.html.erb (Duration: 0.6ms | GC: 0.0ms)
  Rendered pages/quick_search.html.erb within layouts/application (Duration: 7.8ms | GC: 5.9ms)
  Rendered layout layouts/application.html.erb (Duration: 103.2ms | GC: 6.2ms)
  Rendered layout layouts/application.html.erb (Duration: 103.2ms | GC: 5.9ms)
Completed 200 OK in 265ms (Views: 121.2ms | GC: 6.2ms)


Completed 200 OK in 265ms (Views: 121.3ms | GC: 5.9ms)


Started GET "/" for 127.0.0.1 at 2026-03-08 17:44:59 +0100
Processing by PagesController#index as HTML
  Rendering layout layouts/application.html.erb
  Rendering pages/index.html.erb within layouts/application
  Rendered pages/index.html.erb within layouts/application (Duration: 0.7ms | GC: 0.0ms)
  Rendered layout layouts/application.html.erb (Duration: 48.8ms | GC: 1.2ms)
Completed 200 OK in 114ms (Views: 54.4ms | GC: 1.5ms)


Started GET "/quick_search" for 127.0.0.1 at 2026-03-08 17:45:03 +0100
Processing by PagesController#quick_search as HTML
  Rendering layout layouts/application.html.erb
  Rendering pages/quick_search.html.erb within layouts/application
  Rendered shared/_command_table.html.erb (Duration: 0.5ms | GC: 0.0ms)
  Rendered pages/quick_search.html.erb within layouts/application (Duration: 1.6ms | GC: 0.0ms)
  Rendered layout layouts/application.html.erb (Duration: 2.2ms | GC: 0.0ms)
Completed 200 OK in 23ms (Views: 2.4ms | GC: 0.0ms)


Started GET "/quick_search" for 127.0.0.1 at 2026-03-08 17:48:19 +0100
Processing by PagesController#quick_search as HTML
  Rendering layout layouts/application.html.erb
  Rendering pages/quick_search.html.erb within layouts/application
  Rendered shared/_command_table.html.erb (Duration: 4.3ms | GC: 0.0ms)
  Rendered pages/quick_search.html.erb within layouts/application (Duration: 24.8ms | GC: 0.0ms)
  Rendered layout layouts/application.html.erb (Duration: 157.7ms | GC: 1.9ms)
Completed 200 OK in 402ms (Views: 216.1ms | GC: 2.3ms)


Started GET "/quick_search" for 127.0.0.1 at 2026-03-08 17:50:39 +0100
Processing by PagesController#quick_search as HTML
  Rendering layout layouts/application.html.erb
  Rendering pages/quick_search.html.erb within layouts/application
  Rendered shared/_command_table.html.erb (Duration: 0.7ms | GC: 0.2ms)
  Rendered pages/quick_search.html.erb within layouts/application (Duration: 1.6ms | GC: 0.2ms)
  Rendered layout layouts/application.html.erb (Duration: 12.3ms | GC: 0.9ms)
Completed 200 OK in 62ms (Views: 17.0ms | GC: 1.2ms)


Started GET "/quick_search" for 127.0.0.1 at 2026-03-08 17:52:04 +0100
Processing by PagesController#quick_search as HTML
  Rendering layout layouts/application.html.erb
  Rendering pages/quick_search.html.erb within layouts/application
  Rendered shared/_command_table.html.erb (Duration: 0.7ms | GC: 0.3ms)
  Rendered pages/quick_search.html.erb within layouts/application (Duration: 1.6ms | GC: 0.3ms)
  Rendered layout layouts/application.html.erb (Duration: 12.5ms | GC: 1.1ms)
Completed 200 OK in 63ms (Views: 17.6ms | GC: 1.4ms)


Started GET "/" for 127.0.0.1 at 2026-03-19 21:31:34 +0100
Processing by PagesController#index as HTML
  Rendering layout layouts/application.html.erb
  Rendering pages/index.html.erb within layouts/application
  Rendered pages/index.html.erb within layouts/application (Duration: 0.7ms | GC: 0.0ms)
  Rendered layout layouts/application.html.erb (Duration: 88.4ms | GC: 0.7ms)
Completed 200 OK in 149ms (Views: 104.0ms | GC: 0.9ms)


Removed sourceMappingURL comment for missing asset 'bootstrap.min.css.map' from bootstrap-4.6.2.min.css
Removed sourceMappingURL comment for missing asset 'bootstrap.bundle.min.js.map' from bootstrap-4.6.2.bundle.min.js
Started GET "/" for 127.0.0.1 at 2026-03-19 21:32:16 +0100
Processing by PagesController#index as HTML
  Rendering layout layouts/application.html.erb
  Rendering pages/index.html.erb within layouts/application
  Rendered pages/index.html.erb within layouts/application (Duration: 0.7ms | GC: 0.0ms)
  Rendered layout layouts/application.html.erb (Duration: 11.6ms | GC: 0.9ms)
Completed 200 OK in 58ms (Views: 15.0ms | GC: 1.1ms)


Started GET "/" for 127.0.0.1 at 2026-03-19 21:37:26 +0100
Processing by PagesController#index as HTML
  Rendering layout layouts/application.html.erb
  Rendering pages/index.html.erb within layouts/application
  Rendered pages/index.html.erb within layouts/application (Duration: 0.6ms | GC: 0.0ms)
  Rendered layout layouts/application.html.erb (Duration: 15.0ms | GC: 0.6ms)
Completed 200 OK in 70ms (Views: 25.9ms | GC: 1.1ms)


Started GET "/" for 127.0.0.1 at 2026-03-19 21:37:31 +0100
Processing by PagesController#index as HTML
  Rendering layout layouts/application.html.erb
  Rendering pages/index.html.erb within layouts/application
  Rendered pages/index.html.erb within layouts/application (Duration: 0.1ms | GC: 0.0ms)
  Rendered layout layouts/application.html.erb (Duration: 0.9ms | GC: 0.0ms)
Completed 200 OK in 22ms (Views: 1.1ms | GC: 0.0ms)


Started GET "/" for 127.0.0.1 at 2026-03-19 21:37:34 +0100
Processing by PagesController#index as HTML
  Rendering layout layouts/application.html.erb
  Rendering pages/index.html.erb within layouts/application
  Rendered pages/index.html.erb within layouts/application (Duration: 0.1ms | GC: 0.0ms)
  Rendered layout layouts/application.html.erb (Duration: 0.7ms | GC: 0.0ms)
Completed 200 OK in 21ms (Views: 0.9ms | GC: 0.0ms)


Started GET "/quick_search" for 127.0.0.1 at 2026-03-19 21:38:17 +0100
Processing by PagesController#quick_search as HTML
  Rendering layout layouts/application.html.erb
  Rendering pages/quick_search.html.erb within layouts/application
  Rendered shared/_command_table.html.erb (Duration: 0.6ms | GC: 0.0ms)
  Rendered pages/quick_search.html.erb within layouts/application (Duration: 1.7ms | GC: 0.0ms)
  Rendered layout layouts/application.html.erb (Duration: 2.4ms | GC: 0.0ms)
Completed 200 OK in 26ms (Views: 2.6ms | GC: 0.0ms)


Started GET "/" for 127.0.0.1 at 2026-03-19 21:38:29 +0100
Processing by PagesController#index as HTML
  Rendering layout layouts/application.html.erb
  Rendering pages/index.html.erb within layouts/application
  Rendered pages/index.html.erb within layouts/application (Duration: 0.1ms | GC: 0.0ms)
  Rendered layout layouts/application.html.erb (Duration: 0.8ms | GC: 0.0ms)
Completed 200 OK in 22ms (Views: 1.0ms | GC: 0.0ms)


Started GET "/" for 127.0.0.1 at 2026-03-19 21:40:04 +0100
Processing by PagesController#index as HTML
  Rendering layout layouts/application.html.erb
  Rendering pages/index.html.erb within layouts/application
  Rendered pages/index.html.erb within layouts/application (Duration: 0.7ms | GC: 0.0ms)
  Rendered layout layouts/application.html.erb (Duration: 7.0ms | GC: 0.7ms)
Completed 200 OK in 48ms (Views: 10.9ms | GC: 0.9ms)


Started GET "/" for 127.0.0.1 at 2026-03-19 21:40:04 +0100
Processing by PagesController#index as HTML
  Rendering layout layouts/application.html.erb
  Rendering pages/index.html.erb within layouts/application
  Rendered pages/index.html.erb within layouts/application (Duration: 0.1ms | GC: 0.0ms)
  Rendered layout layouts/application.html.erb (Duration: 0.7ms | GC: 0.0ms)
Completed 200 OK in 18ms (Views: 1.0ms | GC: 0.0ms)


Started GET "/" for 127.0.0.1 at 2026-03-19 21:40:07 +0100
Processing by PagesController#index as HTML
  Rendering layout layouts/application.html.erb
  Rendering pages/index.html.erb within layouts/application
  Rendered pages/index.html.erb within layouts/application (Duration: 0.1ms | GC: 0.0ms)
  Rendered layout layouts/application.html.erb (Duration: 0.8ms | GC: 0.0ms)
Completed 200 OK in 23ms (Views: 1.0ms | GC: 0.0ms)


Started GET "/" for 127.0.0.1 at 2026-03-19 21:40:11 +0100
Processing by PagesController#index as HTML
  Rendering layout layouts/application.html.erb
  Rendering pages/index.html.erb within layouts/application
  Rendered pages/index.html.erb within layouts/application (Duration: 0.1ms | GC: 0.0ms)
  Rendered layout layouts/application.html.erb (Duration: 1.1ms | GC: 0.0ms)
Completed 200 OK in 25ms (Views: 1.4ms | GC: 0.0ms)


Started GET "/quick_search" for 127.0.0.1 at 2026-03-19 21:40:12 +0100
Processing by PagesController#quick_search as HTML
  Rendering layout layouts/application.html.erb
  Rendering pages/quick_search.html.erb within layouts/application
  Rendered shared/_command_table.html.erb (Duration: 0.8ms | GC: 0.0ms)
  Rendered pages/quick_search.html.erb within layouts/application (Duration: 7.0ms | GC: 0.0ms)
  Rendered layout layouts/application.html.erb (Duration: 7.8ms | GC: 0.0ms)
Completed 200 OK in 40ms (Views: 8.1ms | GC: 0.0ms)


Started GET "/" for 127.0.0.1 at 2026-03-19 21:40:15 +0100
Processing by PagesController#index as HTML
  Rendering layout layouts/application.html.erb
  Rendering pages/index.html.erb within layouts/application
  Rendered pages/index.html.erb within layouts/application (Duration: 0.1ms | GC: 0.0ms)
  Rendered layout layouts/application.html.erb (Duration: 1.2ms | GC: 0.0ms)
Completed 200 OK in 26ms (Views: 1.5ms | GC: 0.0ms)


Started GET "/" for 127.0.0.1 at 2026-03-19 21:41:44 +0100
Processing by PagesController#index as HTML
  Rendering layout layouts/application.html.erb
  Rendering pages/index.html.erb within layouts/application
  Rendered pages/index.html.erb within layouts/application (Duration: 0.7ms | GC: 0.0ms)
  Rendered layout layouts/application.html.erb (Duration: 18.5ms | GC: 0.8ms)
Completed 200 OK in 126ms (Views: 33.0ms | GC: 1.0ms)


Started GET "/" for 127.0.0.1 at 2026-03-19 21:42:02 +0100
Processing by PagesController#index as HTML
  Rendering layout layouts/application.html.erb
  Rendering pages/index.html.erb within layouts/application
  Rendered pages/index.html.erb within layouts/application (Duration: 0.2ms | GC: 0.0ms)
  Rendered layout layouts/application.html.erb (Duration: 1.3ms | GC: 0.0ms)
Completed 200 OK in 36ms (Views: 1.8ms | GC: 0.0ms)


Started GET "/" for 127.0.0.1 at 2026-03-19 21:47:01 +0100
Processing by PagesController#index as HTML
  Rendering layout layouts/application.html.erb
  Rendering pages/index.html.erb within layouts/application
  Rendered pages/index.html.erb within layouts/application (Duration: 0.5ms | GC: 0.0ms)
  Rendered layout layouts/application.html.erb (Duration: 4.9ms | GC: 0.7ms)
Completed 200 OK in 58ms (Views: 8.3ms | GC: 0.9ms)


Started GET "/quick_search" for 127.0.0.1 at 2026-03-19 21:47:03 +0100
Processing by PagesController#quick_search as HTML
  Rendering layout layouts/application.html.erb
  Rendering pages/quick_search.html.erb within layouts/application
  Rendered shared/_command_table.html.erb (Duration: 0.5ms | GC: 0.0ms)
  Rendered pages/quick_search.html.erb within layouts/application (Duration: 80.8ms | GC: 0.0ms)
  Rendered layout layouts/application.html.erb (Duration: 81.3ms | GC: 0.0ms)
Completed 200 OK in 109ms (Views: 81.5ms | GC: 0.0ms)


Started GET "/" for 127.0.0.1 at 2026-03-19 21:47:06 +0100
Processing by PagesController#index as HTML
  Rendering layout layouts/application.html.erb
  Rendering pages/index.html.erb within layouts/application
  Rendered pages/index.html.erb within layouts/application (Duration: 0.1ms | GC: 0.0ms)
  Rendered layout layouts/application.html.erb (Duration: 0.8ms | GC: 0.0ms)
Completed 200 OK in 24ms (Views: 1.0ms | GC: 0.0ms)


[ActionDispatch::HostAuthorization::DefaultResponseApp] Blocked hosts: www.example.com
[ActionDispatch::HostAuthorization::DefaultResponseApp] Blocked hosts: www.example.com
Started GET "/" for 127.0.0.1 at 2026-03-19 21:52:45 +0100
Processing by PagesController#index as HTML
  Rendering layout layouts/application.html.erb
  Rendering pages/index.html.erb within layouts/application
  Rendered pages/index.html.erb within layouts/application (Duration: 0.7ms | GC: 0.2ms)
  Rendered layout layouts/application.html.erb (Duration: 5.4ms | GC: 0.7ms)
Completed 200 OK in 48ms (Views: 9.0ms | GC: 0.9ms)


Started GET "/log_book" for 127.0.0.1 at 2026-03-19 21:52:46 +0100
Processing by PagesController#log_book as HTML
  Rendering layout layouts/application.html.erb
  Rendering pages/log_book.html.erb within layouts/application
  Rendered pages/log_book.html.erb within layouts/application (Duration: 0.8ms | GC: 0.0ms)
  Rendered layout layouts/application.html.erb (Duration: 1.1ms | GC: 0.0ms)
Completed 200 OK in 26ms (Views: 1.3ms | GC: 0.0ms)


Started POST "/log_book" for 127.0.0.1 at 2026-03-19 21:52:51 +0100
Processing by PagesController#create_log_entry as HTML
  Parameters: {"authenticity_token" => "[FILTERED]", "entry" => "wtf\r\n", "commit" => "Write"}
Redirected to http://0.0.0.0:3000/log_book
Completed 302 Found in 21ms (GC: 0.0ms)


Started GET "/log_book" for 127.0.0.1 at 2026-03-19 21:52:51 +0100
Processing by PagesController#log_book as HTML
  Rendering layout layouts/application.html.erb
  Rendering pages/log_book.html.erb within layouts/application
  Rendered pages/log_book.html.erb within layouts/application (Duration: 0.5ms | GC: 0.0ms)
  Rendered layout layouts/application.html.erb (Duration: 0.8ms | GC: 0.0ms)
Completed 200 OK in 19ms (Views: 1.0ms | GC: 0.0ms)


Started POST "/log_book" for 127.0.0.1 at 2026-03-19 21:52:54 +0100
Processing by PagesController#create_log_entry as HTML
  Parameters: {"authenticity_token" => "[FILTERED]", "entry" => "je\r\n", "commit" => "Write"}
Redirected to http://0.0.0.0:3000/log_book
Completed 302 Found in 25ms (GC: 0.0ms)


Started GET "/log_book" for 127.0.0.1 at 2026-03-19 21:52:54 +0100
Processing by PagesController#log_book as HTML
  Rendering layout layouts/application.html.erb
  Rendering pages/log_book.html.erb within layouts/application
  Rendered pages/log_book.html.erb within layouts/application (Duration: 0.5ms | GC: 0.0ms)
  Rendered layout layouts/application.html.erb (Duration: 0.8ms | GC: 0.0ms)
Completed 200 OK in 19ms (Views: 1.0ms | GC: 0.0ms)


Started POST "/log_book" for 127.0.0.1 at 2026-03-19 21:52:57 +0100
Processing by PagesController#create_log_entry as HTML
  Parameters: {"authenticity_token" => "[FILTERED]", "entry" => "test", "commit" => "Write"}
Redirected to http://0.0.0.0:3000/log_book
Completed 302 Found in 21ms (GC: 0.0ms)


Started GET "/log_book" for 127.0.0.1 at 2026-03-19 21:52:57 +0100
Processing by PagesController#log_book as HTML
  Rendering layout layouts/application.html.erb
  Rendering pages/log_book.html.erb within layouts/application
  Rendered pages/log_book.html.erb within layouts/application (Duration: 0.5ms | GC: 0.0ms)
  Rendered layout layouts/application.html.erb (Duration: 0.7ms | GC: 0.0ms)
Completed 200 OK in 21ms (Views: 0.9ms | GC: 0.0ms)


Started POST "/log_book" for 127.0.0.1 at 2026-03-19 21:53:02 +0100
Processing by PagesController#create_log_entry as HTML
  Parameters: {"authenticity_token" => "[FILTERED]", "entry" => "les", "commit" => "Write"}
Redirected to http://0.0.0.0:3000/log_book
Completed 302 Found in 25ms (GC: 0.0ms)


Started GET "/log_book" for 127.0.0.1 at 2026-03-19 21:53:02 +0100
Processing by PagesController#log_book as HTML
  Rendering layout layouts/application.html.erb
  Rendering pages/log_book.html.erb within layouts/application
  Rendered pages/log_book.html.erb within layouts/application (Duration: 0.6ms | GC: 0.0ms)
  Rendered layout layouts/application.html.erb (Duration: 1.0ms | GC: 0.0ms)
Completed 200 OK in 21ms (Views: 1.3ms | GC: 0.0ms)


Started POST "/log_book" for 127.0.0.1 at 2026-03-19 21:53:04 +0100
Processing by PagesController#create_log_entry as HTML
  Parameters: {"authenticity_token" => "[FILTERED]", "entry" => "logs", "commit" => "Write"}
Redirected to http://0.0.0.0:3000/log_book
Completed 302 Found in 27ms (GC: 0.0ms)


Started GET "/log_book" for 127.0.0.1 at 2026-03-19 21:53:04 +0100
Processing by PagesController#log_book as HTML
  Rendering layout layouts/application.html.erb
  Rendering pages/log_book.html.erb within layouts/application
  Rendered pages/log_book.html.erb within layouts/application (Duration: 0.6ms | GC: 0.0ms)
  Rendered layout layouts/application.html.erb (Duration: 0.9ms | GC: 0.0ms)
Completed 200 OK in 19ms (Views: 1.2ms | GC: 0.0ms)


Started GET "/log_book" for 127.0.0.1 at 2026-03-19 21:53:12 +0100
Processing by PagesController#log_book as HTML
  Rendering layout layouts/application.html.erb
  Rendering pages/log_book.html.erb within layouts/application
  Rendered pages/log_book.html.erb within layouts/application (Duration: 2.8ms | GC: 0.2ms)
  Rendered layout layouts/application.html.erb (Duration: 5.6ms | GC: 0.8ms)
Completed 200 OK in 52ms (Views: 9.3ms | GC: 1.0ms)


Started POST "/log_book" for 127.0.0.1 at 2026-03-19 21:54:55 +0100
Processing by PagesController#create_log_entry as HTML
  Parameters: {"authenticity_token" => "[FILTERED]", "entry" => "fsdf", "commit" => "Write"}
Redirected to http://0.0.0.0:3000/log_book
Completed 302 Found in 19ms (GC: 0.0ms)


Started GET "/log_book" for 127.0.0.1 at 2026-03-19 21:54:55 +0100
Processing by PagesController#log_book as HTML
  Rendering layout layouts/application.html.erb
  Rendering pages/log_book.html.erb within layouts/application
  Rendered pages/log_book.html.erb within layouts/application (Duration: 0.5ms | GC: 0.0ms)
  Rendered layout layouts/application.html.erb (Duration: 0.8ms | GC: 0.0ms)
Completed 200 OK in 18ms (Views: 1.1ms | GC: 0.0ms)


Started POST "/log_book" for 127.0.0.1 at 2026-03-19 21:54:58 +0100
Processing by PagesController#create_log_entry as HTML
  Parameters: {"authenticity_token" => "[FILTERED]", "entry" => "sfdsfd", "commit" => "Write"}
Redirected to http://0.0.0.0:3000/log_book
Completed 302 Found in 28ms (GC: 0.0ms)


Started GET "/log_book" for 127.0.0.1 at 2026-03-19 21:54:58 +0100
Processing by PagesController#log_book as HTML
  Rendering layout layouts/application.html.erb
  Rendering pages/log_book.html.erb within layouts/application
  Rendered pages/log_book.html.erb within layouts/application (Duration: 0.6ms | GC: 0.0ms)
  Rendered layout layouts/application.html.erb (Duration: 1.0ms | GC: 0.0ms)
Completed 200 OK in 20ms (Views: 1.2ms | GC: 0.0ms)


Started GET "/log_book" for 127.0.0.1 at 2026-03-19 21:55:29 +0100
Processing by PagesController#log_book as HTML
  Rendering layout layouts/application.html.erb
  Rendering pages/log_book.html.erb within layouts/application
  Rendered pages/log_book.html.erb within layouts/application (Duration: 3.6ms | GC: 0.2ms)
  Rendered layout layouts/application.html.erb (Duration: 6.7ms | GC: 0.9ms)
Completed 200 OK in 53ms (Views: 10.4ms | GC: 1.2ms)


Started GET "/log_book" for 127.0.0.1 at 2026-03-19 21:55:50 +0100
Processing by PagesController#log_book as HTML
  Rendering layout layouts/application.html.erb
  Rendering pages/log_book.html.erb within layouts/application
  Rendered pages/log_book.html.erb within layouts/application (Duration: 2.4ms | GC: 0.2ms)
  Rendered layout layouts/application.html.erb (Duration: 4.8ms | GC: 0.7ms)
Completed 200 OK in 56ms (Views: 7.9ms | GC: 0.9ms)


Started GET "/log_book" for 127.0.0.1 at 2026-03-19 21:57:47 +0100
Processing by PagesController#log_book as HTML
Completed 500 Internal Server Error in 161ms (GC: 0.2ms)


  
Errno::EACCES (Permission denied @ rb_sysopen - /Users/Adrien.Freire/Perso/Piscine-RoR/Rails/ex03/CheatSheet/entry_log.txt):
  
app/controllers/pages_controller.rb:289:in 'IO.readlines'
app/controllers/pages_controller.rb:289:in 'PagesController#read_log_entries'
app/controllers/pages_controller.rb:228:in 'PagesController#log_book'
Started GET "/log_book" for 127.0.0.1 at 2026-03-19 21:59:25 +0100
Processing by PagesController#log_book as HTML
Completed 500 Internal Server Error in 29ms (GC: 0.1ms)


  
Errno::EISDIR (Is a directory @ io_fillbuf - fd:15 /Users/Adrien.Freire/Perso/Piscine-RoR/Rails/ex03/CheatSheet/entry_log.txt):
  
app/controllers/pages_controller.rb:289:in 'IO.readlines'
app/controllers/pages_controller.rb:289:in 'PagesController#read_log_entries'
app/controllers/pages_controller.rb:228:in 'PagesController#log_book'
Started GET "/log_book" for 127.0.0.1 at 2026-03-19 21:59:27 +0100
Processing by PagesController#log_book as HTML
Completed 500 Internal Server Error in 22ms (GC: 0.0ms)


  
Errno::EISDIR (Is a directory @ io_fillbuf - fd:15 /Users/Adrien.Freire/Perso/Piscine-RoR/Rails/ex03/CheatSheet/entry_log.txt):
  
app/controllers/pages_controller.rb:289:in 'IO.readlines'
app/controllers/pages_controller.rb:289:in 'PagesController#read_log_entries'
app/controllers/pages_controller.rb:228:in 'PagesController#log_book'
Started GET "/log_book" for 127.0.0.1 at 2026-03-19 22:00:50 +0100
Processing by PagesController#log_book as HTML
  Rendering layout layouts/application.html.erb
  Rendering pages/log_book.html.erb within layouts/application
  Rendered pages/log_book.html.erb within layouts/application (Duration: 3.2ms | GC: 0.2ms)
  Rendered layout layouts/application.html.erb (Duration: 8.3ms | GC: 0.7ms)
Completed 200 OK in 95ms (Views: 27.4ms | GC: 0.9ms)


Started POST "/log_book" for 127.0.0.1 at 2026-03-19 22:01:03 +0100
Processing by PagesController#create_log_entry as HTML
  Parameters: {"authenticity_token" => "[FILTERED]", "entry" => "dsfds\r\n", "commit" => "Write"}
Redirected to http://0.0.0.0:3000/log_book
Completed 302 Found in 22ms (GC: 0.0ms)


Started GET "/log_book" for 127.0.0.1 at 2026-03-19 22:01:03 +0100
Processing by PagesController#log_book as HTML
  Rendering layout layouts/application.html.erb
  Rendering pages/log_book.html.erb within layouts/application
  Rendered pages/log_book.html.erb within layouts/application (Duration: 0.5ms | GC: 0.0ms)
  Rendered layout layouts/application.html.erb (Duration: 0.7ms | GC: 0.0ms)
Completed 200 OK in 16ms (Views: 0.9ms | GC: 0.0ms)


Started GET "/log_book" for 127.0.0.1 at 2026-03-19 22:04:39 +0100
Processing by PagesController#log_book as HTML
  Rendering layout layouts/application.html.erb
  Rendering pages/log_book.html.erb within layouts/application
  Rendered pages/log_book.html.erb within layouts/application (Duration: 2.9ms | GC: 0.2ms)
  Rendered layout layouts/application.html.erb (Duration: 5.7ms | GC: 0.7ms)
Completed 200 OK in 59ms (Views: 9.7ms | GC: 0.9ms)


Started GET "/log_book" for 127.0.0.1 at 2026-03-19 22:04:47 +0100
Processing by PagesController#log_book as HTML
  Rendering layout layouts/application.html.erb
  Rendering pages/log_book.html.erb within layouts/application
  Rendered pages/log_book.html.erb within layouts/application (Duration: 0.6ms | GC: 0.0ms)
  Rendered layout layouts/application.html.erb (Duration: 1.0ms | GC: 0.0ms)
Completed 200 OK in 24ms (Views: 1.3ms | GC: 0.0ms)


Started POST "/log_book" for 127.0.0.1 at 2026-03-19 22:04:50 +0100
Processing by PagesController#create_log_entry as HTML
  Parameters: {"authenticity_token" => "[FILTERED]", "entry" => "dsfsd", "commit" => "Write"}
Redirected to http://0.0.0.0:3000/log_book
Completed 302 Found in 24ms (GC: 0.0ms)


Started GET "/log_book" for 127.0.0.1 at 2026-03-19 22:04:50 +0100
Processing by PagesController#log_book as HTML
  Rendering layout layouts/application.html.erb
  Rendering pages/log_book.html.erb within layouts/application
  Rendered pages/log_book.html.erb within layouts/application (Duration: 0.4ms | GC: 0.0ms)
  Rendered layout layouts/application.html.erb (Duration: 0.6ms | GC: 0.0ms)
Completed 200 OK in 19ms (Views: 0.9ms | GC: 0.0ms)


Started POST "/log_book" for 127.0.0.1 at 2026-03-19 22:05:03 +0100
Processing by PagesController#create_log_entry as HTML
  Parameters: {"authenticity_token" => "[FILTERED]", "entry" => "dsdgfsdg", "commit" => "Write"}
Redirected to http://0.0.0.0:3000/log_book
Completed 302 Found in 25ms (GC: 0.0ms)


Started GET "/log_book" for 127.0.0.1 at 2026-03-19 22:05:03 +0100
Processing by PagesController#log_book as HTML
  Rendering layout layouts/application.html.erb
  Rendering pages/log_book.html.erb within layouts/application
  Rendered pages/log_book.html.erb within layouts/application (Duration: 0.5ms | GC: 0.0ms)
  Rendered layout layouts/application.html.erb (Duration: 0.9ms | GC: 0.0ms)
Completed 200 OK in 20ms (Views: 1.1ms | GC: 0.0ms)


Started POST "/log_book" for 127.0.0.1 at 2026-03-19 22:05:26 +0100
Processing by PagesController#create_log_entry as HTML
  Parameters: {"authenticity_token" => "[FILTERED]", "entry" => "sdfdsf", "commit" => "Write"}
Redirected to http://0.0.0.0:3000/log_book
Completed 302 Found in 26ms (GC: 0.0ms)


Started GET "/log_book" for 127.0.0.1 at 2026-03-19 22:05:26 +0100
Processing by PagesController#log_book as HTML
  Rendering layout layouts/application.html.erb
  Rendering pages/log_book.html.erb within layouts/application
  Rendered pages/log_book.html.erb within layouts/application (Duration: 0.5ms | GC: 0.0ms)
  Rendered layout layouts/application.html.erb (Duration: 0.8ms | GC: 0.0ms)
Completed 200 OK in 18ms (Views: 1.0ms | GC: 0.0ms)


Started POST "/log_book" for 127.0.0.1 at 2026-03-19 22:05:30 +0100
Processing by PagesController#create_log_entry as HTML
  Parameters: {"authenticity_token" => "[FILTERED]", "entry" => "sfsdfsdf", "commit" => "Write"}
Redirected to http://0.0.0.0:3000/log_book
Completed 302 Found in 23ms (GC: 0.0ms)


Started GET "/log_book" for 127.0.0.1 at 2026-03-19 22:05:31 +0100
Processing by PagesController#log_book as HTML
  Rendering layout layouts/application.html.erb
  Rendering pages/log_book.html.erb within layouts/application
  Rendered pages/log_book.html.erb within layouts/application (Duration: 0.5ms | GC: 0.0ms)
  Rendered layout layouts/application.html.erb (Duration: 0.8ms | GC: 0.0ms)
Completed 200 OK in 19ms (Views: 1.0ms | GC: 0.0ms)


Started GET "/log_book" for 127.0.0.1 at 2026-03-19 22:22:20 +0100
Processing by PagesController#log_book as HTML
  Rendering layout layouts/application.html.erb
  Rendering pages/log_book.html.erb within layouts/application
  Rendered pages/log_book.html.erb within layouts/application (Duration: 1.3ms | GC: 0.0ms)
  Rendered layout layouts/application.html.erb (Duration: 4.6ms | GC: 0.8ms)
Completed 200 OK in 60ms (Views: 7.2ms | GC: 1.1ms)


[ActionDispatch::HostAuthorization::DefaultResponseApp] Blocked hosts: www.example.com
Started GET "/log_book" for 127.0.0.1 at 2026-03-19 23:00:08 +0100
Processing by PagesController#log_book as HTML
  Rendering layout layouts/application.html.erb
  Rendering pages/log_book.html.erb within layouts/application
  Rendered pages/log_book.html.erb within layouts/application (Duration: 1.5ms | GC: 0.0ms)
  Rendered layout layouts/application.html.erb (Duration: 13.6ms | GC: 6.4ms)
Completed 200 OK in 88ms (Views: 17.5ms | GC: 6.4ms)


Started GET "/quick_search" for 127.0.0.1 at 2026-03-19 23:18:21 +0100
Processing by PagesController#quick_search as HTML
  Rendering layout layouts/application.html.erb
  Rendering pages/quick_search.html.erb within layouts/application
  Rendered shared/_command_table.html.erb (Duration: 0.7ms | GC: 0.0ms)
  Rendered pages/quick_search.html.erb within layouts/application (Duration: 108.0ms | GC: 8.6ms)
  Rendered layout layouts/application.html.erb (Duration: 115.9ms | GC: 8.6ms)
Completed 200 OK in 203ms (Views: 123.5ms | GC: 13.2ms)


Started GET "/log_book" for 127.0.0.1 at 2026-03-19 23:18:22 +0100
Processing by PagesController#log_book as HTML
  Rendering layout layouts/application.html.erb
  Rendering pages/log_book.html.erb within layouts/application
  Rendered pages/log_book.html.erb within layouts/application (Duration: 1.3ms | GC: 0.0ms)
  Rendered layout layouts/application.html.erb (Duration: 2.1ms | GC: 0.0ms)
Completed 200 OK in 56ms (Views: 2.6ms | GC: 0.0ms)


Started POST "/log_book" for 127.0.0.1 at 2026-03-19 23:18:25 +0100
Processing by PagesController#create_log_entry as HTML
  Parameters: {"authenticity_token" => "[FILTERED]", "entry" => "fsdfdsf", "commit" => "Write"}
Redirected to http://0.0.0.0:3000/log_book
Completed 302 Found in 29ms (GC: 0.0ms)


Started GET "/log_book" for 127.0.0.1 at 2026-03-19 23:18:25 +0100
Processing by PagesController#log_book as HTML
  Rendering layout layouts/application.html.erb
  Rendering pages/log_book.html.erb within layouts/application
  Rendered pages/log_book.html.erb within layouts/application (Duration: 0.6ms | GC: 0.0ms)
  Rendered layout layouts/application.html.erb (Duration: 1.4ms | GC: 0.4ms)
Completed 200 OK in 21ms (Views: 1.6ms | GC: 0.4ms)


Started POST "/log_book" for 127.0.0.1 at 2026-03-19 23:18:27 +0100
Processing by PagesController#create_log_entry as HTML
  Parameters: {"authenticity_token" => "[FILTERED]", "entry" => "dsfsdfsdf", "commit" => "Write"}
Redirected to http://0.0.0.0:3000/log_book
Completed 302 Found in 35ms (GC: 0.0ms)


Started GET "/log_book" for 127.0.0.1 at 2026-03-19 23:18:27 +0100
Processing by PagesController#log_book as HTML
  Rendering layout layouts/application.html.erb
  Rendering pages/log_book.html.erb within layouts/application
  Rendered pages/log_book.html.erb within layouts/application (Duration: 1.0ms | GC: 0.0ms)
  Rendered layout layouts/application.html.erb (Duration: 1.6ms | GC: 0.0ms)
Completed 200 OK in 52ms (Views: 1.9ms | GC: 0.0ms)


Started POST "/log_book" for 127.0.0.1 at 2026-03-19 23:18:29 +0100
Processing by PagesController#create_log_entry as HTML
  Parameters: {"authenticity_token" => "[FILTERED]", "entry" => "dsfdsf", "commit" => "Write"}
Redirected to http://0.0.0.0:3000/log_book
Completed 302 Found in 37ms (GC: 0.0ms)


Started GET "/log_book" for 127.0.0.1 at 2026-03-19 23:18:29 +0100
Processing by PagesController#log_book as HTML
  Rendering layout layouts/application.html.erb
  Rendering pages/log_book.html.erb within layouts/application
  Rendered pages/log_book.html.erb within layouts/application (Duration: 0.4ms | GC: 0.0ms)
  Rendered layout layouts/application.html.erb (Duration: 0.9ms | GC: 0.0ms)
Completed 200 OK in 40ms (Views: 1.1ms | GC: 0.0ms)


Started GET "/log_book" for 127.0.0.1 at 2026-03-19 23:18:45 +0100
Processing by PagesController#log_book as HTML
  Rendering layout layouts/application.html.erb
  Rendering pages/log_book.html.erb within layouts/application
  Rendered pages/log_book.html.erb within layouts/application (Duration: 4.4ms | GC: 1.7ms)
  Rendered layout layouts/application.html.erb (Duration: 9.7ms | GC: 4.8ms)
Completed 200 OK in 58ms (Views: 13.9ms | GC: 8.1ms)


Started POST "/log_book" for 127.0.0.1 at 2026-03-19 23:18:50 +0100
Processing by PagesController#create_log_entry as HTML
  Parameters: {"authenticity_token" => "[FILTERED]", "entry" => "fsdfsd\r\n\r\n\r\n\r\n\r\n\r\n\r\n\r\n\r\n\r\n\r\n\r\n\r\n\r\n\r\n\r\n\r\n\r\n\r\n\r\n\r\n\r\n\r\n\r\n\r\n\r\n\r\n\r\n", "commit" => "Write"}
Redirected to http://0.0.0.0:3000/log_book
Completed 302 Found in 30ms (GC: 1.5ms)


Started GET "/log_book" for 127.0.0.1 at 2026-03-19 23:18:50 +0100
Processing by PagesController#log_book as HTML
  Rendering layout layouts/application.html.erb
  Rendering pages/log_book.html.erb within layouts/application
  Rendered pages/log_book.html.erb within layouts/application (Duration: 0.5ms | GC: 0.0ms)
  Rendered layout layouts/application.html.erb (Duration: 0.8ms | GC: 0.0ms)
Completed 200 OK in 21ms (Views: 1.1ms | GC: 0.0ms)


Started POST "/log_book" for 127.0.0.1 at 2026-03-19 23:18:55 +0100
Processing by PagesController#create_log_entry as HTML
  Parameters: {"authenticity_token" => "[FILTERED]", "entry" => "sfdsdf\r\nfds\r\ns\r\ndf\r\ndsf\r\nsd\r\nf\r\ns\r\ndf\r\nsd\r\nf\r\nsdf\r\n\r\nds\r\nf\r\nsdf\r\nsdf\r\nsd\r\nf", "commit" => "Write"}
Redirected to http://0.0.0.0:3000/log_book
Completed 302 Found in 30ms (GC: 0.4ms)


Started GET "/log_book" for 127.0.0.1 at 2026-03-19 23:18:55 +0100
Processing by PagesController#log_book as HTML
  Rendering layout layouts/application.html.erb
  Rendering pages/log_book.html.erb within layouts/application
  Rendered pages/log_book.html.erb within layouts/application (Duration: 0.6ms | GC: 0.0ms)
  Rendered layout layouts/application.html.erb (Duration: 1.0ms | GC: 0.0ms)
Completed 200 OK in 22ms (Views: 1.3ms | GC: 0.0ms)


Started GET "/log_book" for 127.0.0.1 at 2026-03-19 23:25:18 +0100
Processing by PagesController#log_book as HTML
  Rendering layout layouts/application.html.erb
  Rendering pages/log_book.html.erb within layouts/application
  Rendered pages/log_book.html.erb within layouts/application (Duration: 4.3ms | GC: 1.5ms)
  Rendered layout layouts/application.html.erb (Duration: 9.1ms | GC: 3.8ms)
Completed 200 OK in 64ms (Views: 13.6ms | GC: 7.2ms)


Started POST "/log_book" for 127.0.0.1 at 2026-03-19 23:25:22 +0100
Processing by PagesController#create_log_entry as HTML
  Parameters: {"authenticity_token" => "[FILTERED]", "entry" => "sdffsd\r\ndsf\r\ns\r\ndf\r\nsd\r\nf\r\nsd", "commit" => "Write"}
Redirected to http://0.0.0.0:3000/log_book
Completed 302 Found in 25ms (GC: 1.3ms)


Started GET "/log_book" for 127.0.0.1 at 2026-03-19 23:25:22 +0100
Processing by PagesController#log_book as HTML
  Rendering layout layouts/application.html.erb
  Rendering pages/log_book.html.erb within layouts/application
  Rendered pages/log_book.html.erb within layouts/application (Duration: 0.4ms | GC: 0.0ms)
  Rendered layout layouts/application.html.erb (Duration: 0.7ms | GC: 0.0ms)
Completed 200 OK in 21ms (Views: 1.0ms | GC: 0.0ms)


