Started GET "/" for 127.0.0.1 at 2026-03-08 15:46:24 +0100
Processing by PagesController#index as HTML
  Rendering layout layouts/application.html.erb
  Rendering pages/index.html.erb within layouts/application
  Rendered pages/index.html.erb within layouts/application (Duration: 0.7ms | GC: 0.0ms)
  Rendered layout layouts/application.html.erb (Duration: 5.4ms | GC: 0.2ms)
Completed 200 OK in 54ms (Views: 10.4ms | GC: 0.5ms)


Started GET "/" for 127.0.0.1 at 2026-03-08 15:46:29 +0100
Processing by PagesController#index as HTML
  Rendering layout layouts/application.html.erb
  Rendering pages/index.html.erb within layouts/application
  Rendered pages/index.html.erb within layouts/application (Duration: 0.1ms | GC: 0.0ms)
  Rendered layout layouts/application.html.erb (Duration: 0.9ms | GC: 0.0ms)
Completed 200 OK in 22ms (Views: 1.2ms | GC: 0.7ms)


Started GET "/" for 127.0.0.1 at 2026-03-08 15:46:38 +0100
Processing by PagesController#index as HTML
  Rendering layout layouts/application.html.erb
  Rendering pages/index.html.erb within layouts/application
  Rendered pages/index.html.erb within layouts/application (Duration: 0.1ms | GC: 0.0ms)
  Rendered layout layouts/application.html.erb (Duration: 1.0ms | GC: 0.0ms)
Completed 200 OK in 23ms (Views: 1.4ms | GC: 0.0ms)


Started GET "/resources.html" for 127.0.0.1 at 2026-03-08 15:46:43 +0100
  
ActionController::RoutingError (No route matches [GET] "/resources.html"):
  
Started GET "/about.html" for 127.0.0.1 at 2026-03-08 15:48:19 +0100
  
ActionController::RoutingError (No route matches [GET] "/about.html"):
  
Started GET "/" for 127.0.0.1 at 2026-03-08 15:56:15 +0100
Processing by PagesController#index as HTML
  Rendering layout layouts/application.html.erb
  Rendering pages/index.html.erb within layouts/application
  Rendered pages/index.html.erb within layouts/application (Duration: 0.1ms | GC: 0.0ms)
  Rendered layout layouts/application.html.erb (Duration: 1.3ms | GC: 0.0ms)
Completed 200 OK in 16ms (Views: 1.7ms | GC: 0.2ms)


[ActionDispatch::HostAuthorization::DefaultResponseApp] Blocked hosts: www.example.com
  Rendering layout layouts/application.html.erb
  Rendering pages/index.html.erb within layouts/application
  Rendered pages/index.html.erb within layouts/application (Duration: 1.0ms | GC: 0.0ms)
  Rendered layout layouts/application.html.erb (Duration: 3.4ms | GC: 0.0ms)
Started GET "/" for 127.0.0.1 at 2026-03-08 16:38:04 +0100
Processing by PagesController#index as HTML
  Rendering layout layouts/application.html.erb
  Rendering pages/index.html.erb within layouts/application
  Rendered pages/index.html.erb within layouts/application (Duration: 0.7ms | GC: 0.0ms)
  Rendered layout layouts/application.html.erb (Duration: 10.6ms | GC: 0.2ms)
Completed 200 OK in 146ms (Views: 19.7ms | GC: 0.4ms)


  Rendering layout layouts/application.html.erb
  Rendering pages/index.html.erb within layouts/application
  Rendered pages/index.html.erb within layouts/application (Duration: 0.6ms | GC: 0.0ms)
  Rendered layout layouts/application.html.erb (Duration: 2.8ms | GC: 0.0ms)
Started GET "/" for 127.0.0.1 at 2026-03-08 16:45:05 +0100
Processing by PagesController#index as HTML
  Rendering layout layouts/application.html.erb
  Rendering pages/index.html.erb within layouts/application
  Rendered pages/index.html.erb within layouts/application (Duration: 0.7ms | GC: 0.0ms)
  Rendered layout layouts/application.html.erb (Duration: 4.1ms | GC: 0.2ms)
Completed 200 OK in 49ms (Views: 7.3ms | GC: 0.4ms)


  Rendering layout layouts/application.html.erb
  Rendering pages/index.html.erb within layouts/application
  Rendered pages/index.html.erb within layouts/application (Duration: 0.8ms | GC: 0.0ms)
  Rendered layout layouts/application.html.erb (Duration: 5.3ms | GC: 0.0ms)
Started GET "/" for 127.0.0.1 at 2026-03-08 16:48:41 +0100
Processing by PagesController#index as HTML
  Rendering layout layouts/application.html.erb
  Rendering pages/index.html.erb within layouts/application
  Rendered pages/index.html.erb within layouts/application (Duration: 0.6ms | GC: 0.0ms)
  Rendered layout layouts/application.html.erb (Duration: 8.9ms | GC: 0.2ms)
Completed 200 OK in 92ms (Views: 12.8ms | GC: 0.4ms)


Started GET "/" for 127.0.0.1 at 2026-03-08 16:49:24 +0100
Processing by PagesController#index as HTML
  Rendering layout layouts/application.html.erb
  Rendering pages/index.html.erb within layouts/application
  Rendered pages/index.html.erb within layouts/application (Duration: 0.1ms | GC: 0.0ms)
  Rendered layout layouts/application.html.erb (Duration: 1.7ms | GC: 0.0ms)
Completed 200 OK in 23ms (Views: 2.2ms | GC: 0.0ms)


Started GET "/" for 127.0.0.1 at 2026-03-08 16:49:25 +0100
Processing by PagesController#index as HTML
  Rendering layout layouts/application.html.erb
  Rendering pages/index.html.erb within layouts/application
  Rendered pages/index.html.erb within layouts/application (Duration: 0.1ms | GC: 0.0ms)
  Rendered layout layouts/application.html.erb (Duration: 0.5ms | GC: 0.0ms)
Completed 200 OK in 15ms (Views: 0.7ms | GC: 0.0ms)


Started GET "/" for 127.0.0.1 at 2026-03-08 16:49:27 +0100
Processing by PagesController#index as HTML
  Rendering layout layouts/application.html.erb
  Rendering pages/index.html.erb within layouts/application
  Rendered pages/index.html.erb within layouts/application (Duration: 0.1ms | GC: 0.0ms)
  Rendered layout layouts/application.html.erb (Duration: 1.1ms | GC: 0.0ms)
Completed 200 OK in 23ms (Views: 1.5ms | GC: 0.0ms)


Started GET "/" for 127.0.0.1 at 2026-03-08 16:51:53 +0100
Processing by PagesController#index as HTML
  Rendering layout layouts/application.html.erb
  Rendering pages/index.html.erb within layouts/application
  Rendered pages/index.html.erb within layouts/application (Duration: 0.7ms | GC: 0.0ms)
  Rendered layout layouts/application.html.erb (Duration: 5.9ms | GC: 0.3ms)
Completed 200 OK in 58ms (Views: 10.5ms | GC: 0.6ms)


Started GET "/" for 127.0.0.1 at 2026-03-08 16:51:58 +0100
Processing by PagesController#index as HTML
  Rendering layout layouts/application.html.erb
  Rendering pages/index.html.erb within layouts/application
  Rendered pages/index.html.erb within layouts/application (Duration: 0.1ms | GC: 0.0ms)
  Rendered layout layouts/application.html.erb (Duration: 1.1ms | GC: 0.0ms)
Completed 200 OK in 23ms (Views: 1.4ms | GC: 0.0ms)


Started GET "/" for 127.0.0.1 at 2026-03-08 16:52:00 +0100
Processing by PagesController#index as HTML
  Rendering layout layouts/application.html.erb
  Rendering pages/index.html.erb within layouts/application
  Rendered pages/index.html.erb within layouts/application (Duration: 0.1ms | GC: 0.0ms)
  Rendered layout layouts/application.html.erb (Duration: 0.6ms | GC: 0.0ms)
Completed 200 OK in 16ms (Views: 0.7ms | GC: 0.0ms)


Started GET "/" for 127.0.0.1 at 2026-03-08 16:52:09 +0100
Processing by PagesController#index as HTML
  Rendering layout layouts/application.html.erb
  Rendering pages/index.html.erb within layouts/application
  Rendered pages/index.html.erb within layouts/application (Duration: 0.6ms | GC: 0.0ms)
  Rendered layout layouts/application.html.erb (Duration: 4.0ms | GC: 0.2ms)
Completed 200 OK in 43ms (Views: 6.6ms | GC: 0.4ms)


Started GET "/" for 127.0.0.1 at 2026-03-08 16:52:47 +0100
Processing by PagesController#index as HTML
  Rendering layout layouts/application.html.erb
  Rendering pages/index.html.erb within layouts/application
  Rendered pages/index.html.erb within layouts/application (Duration: 0.7ms | GC: 0.0ms)
  Rendered layout layouts/application.html.erb (Duration: 5.3ms | GC: 0.2ms)
Completed 200 OK in 52ms (Views: 9.0ms | GC: 0.5ms)


Started GET "/" for 127.0.0.1 at 2026-03-08 16:55:11 +0100
Processing by PagesController#index as HTML
  Rendering layout layouts/application.html.erb
  Rendering pages/index.html.erb within layouts/application
  Rendered pages/index.html.erb within layouts/application (Duration: 0.6ms | GC: 0.0ms)
  Rendered layout layouts/application.html.erb (Duration: 4.2ms | GC: 0.2ms)
Completed 200 OK in 45ms (Views: 8.5ms | GC: 0.4ms)


Started GET "/" for 127.0.0.1 at 2026-03-08 16:58:54 +0100
Processing by PagesController#index as HTML
  Rendering layout layouts/application.html.erb
  Rendering pages/index.html.erb within layouts/application
  Rendered pages/index.html.erb within layouts/application (Duration: 0.6ms | GC: 0.0ms)
  Rendered layout layouts/application.html.erb (Duration: 3.9ms | GC: 0.2ms)
Completed 200 OK in 48ms (Views: 7.3ms | GC: 0.4ms)


Started GET "/" for 127.0.0.1 at 2026-03-08 17:00:04 +0100
Processing by PagesController#index as HTML
  Rendering layout layouts/application.html.erb
  Rendering pages/index.html.erb within layouts/application
  Rendered pages/index.html.erb within layouts/application (Duration: 0.6ms | GC: 0.0ms)
  Rendered layout layouts/application.html.erb (Duration: 4.2ms | GC: 0.2ms)
Completed 200 OK in 43ms (Views: 8.8ms | GC: 0.4ms)


Started GET "/" for 127.0.0.1 at 2026-03-08 17:01:59 +0100
Processing by PagesController#index as HTML
  Rendering layout layouts/application.html.erb
  Rendering pages/index.html.erb within layouts/application
  Rendered pages/index.html.erb within layouts/application (Duration: 0.7ms | GC: 0.0ms)
  Rendered layout layouts/application.html.erb (Duration: 5.2ms | GC: 0.3ms)
Completed 200 OK in 58ms (Views: 10.2ms | GC: 0.5ms)


Started GET "/" for 127.0.0.1 at 2026-03-08 17:05:50 +0100
Processing by PagesController#index as HTML
  Rendering layout layouts/application.html.erb
  Rendering pages/index.html.erb within layouts/application
  Rendered pages/index.html.erb within layouts/application (Duration: 0.7ms | GC: 0.0ms)
  Rendered layout layouts/application.html.erb (Duration: 6.8ms | GC: 0.3ms)
Completed 200 OK in 66ms (Views: 12.9ms | GC: 0.6ms)


Started GET "/" for 127.0.0.1 at 2026-03-08 17:09:42 +0100
Processing by PagesController#index as HTML
  Rendering layout layouts/application.html.erb
  Rendering pages/index.html.erb within layouts/application
  Rendered pages/index.html.erb within layouts/application (Duration: 0.7ms | GC: 0.0ms)
  Rendered layout layouts/application.html.erb (Duration: 6.1ms | GC: 0.3ms)
Completed 200 OK in 53ms (Views: 10.7ms | GC: 0.5ms)


Started GET "/" for 127.0.0.1 at 2026-03-08 17:10:47 +0100
Processing by PagesController#index as HTML
  Rendering layout layouts/application.html.erb
  Rendering pages/index.html.erb within layouts/application
  Rendered pages/index.html.erb within layouts/application (Duration: 0.6ms | GC: 0.0ms)
  Rendered layout layouts/application.html.erb (Duration: 4.2ms | GC: 0.2ms)
Completed 200 OK in 40ms (Views: 7.3ms | GC: 0.4ms)


Started GET "/" for 127.0.0.1 at 2026-03-08 17:12:47 +0100
Processing by PagesController#index as HTML
  Rendering layout layouts/application.html.erb
  Rendering pages/index.html.erb within layouts/application
  Rendered pages/index.html.erb within layouts/application (Duration: 0.7ms | GC: 0.0ms)
  Rendered layout layouts/application.html.erb (Duration: 5.0ms | GC: 0.2ms)
Completed 200 OK in 55ms (Views: 11.5ms | GC: 0.5ms)


Started GET "/" for 127.0.0.1 at 2026-03-08 17:12:54 +0100
Processing by PagesController#index as HTML
  Rendering layout layouts/application.html.erb
  Rendering pages/index.html.erb within layouts/application
  Rendered pages/index.html.erb within layouts/application (Duration: 0.1ms | GC: 0.0ms)
  Rendered layout layouts/application.html.erb (Duration: 0.8ms | GC: 0.0ms)
Completed 200 OK in 19ms (Views: 1.1ms | GC: 0.0ms)


Started GET "/" for 127.0.0.1 at 2026-03-08 17:14:23 +0100
Processing by PagesController#index as HTML
  Rendering layout layouts/application.html.erb
  Rendering pages/index.html.erb within layouts/application
  Rendered pages/index.html.erb within layouts/application (Duration: 0.8ms | GC: 0.0ms)
  Rendered layout layouts/application.html.erb (Duration: 9.6ms | GC: 0.3ms)
Completed 200 OK in 73ms (Views: 14.7ms | GC: 0.5ms)


Started GET "/" for 127.0.0.1 at 2026-03-08 17:15:13 +0100
Processing by PagesController#index as HTML
  Rendering layout layouts/application.html.erb
  Rendering pages/index.html.erb within layouts/application
  Rendered pages/index.html.erb within layouts/application (Duration: 0.7ms | GC: 0.0ms)
  Rendered layout layouts/application.html.erb (Duration: 4.9ms | GC: 0.3ms)
Completed 200 OK in 53ms (Views: 9.9ms | GC: 0.5ms)


Started GET "/" for 127.0.0.1 at 2026-03-08 17:15:48 +0100
Processing by PagesController#index as HTML
  Rendering layout layouts/application.html.erb
  Rendering pages/index.html.erb within layouts/application
  Rendered pages/index.html.erb within layouts/application (Duration: 0.6ms | GC: 0.0ms)
  Rendered layout layouts/application.html.erb (Duration: 4.4ms | GC: 0.2ms)
Completed 200 OK in 46ms (Views: 8.5ms | GC: 0.4ms)


Started GET "/" for 127.0.0.1 at 2026-03-08 17:16:29 +0100
Processing by PagesController#index as HTML
  Rendering layout layouts/application.html.erb
  Rendering pages/index.html.erb within layouts/application
  Rendered pages/index.html.erb within layouts/application (Duration: 0.7ms | GC: 0.0ms)
  Rendered layout layouts/application.html.erb (Duration: 6.4ms | GC: 0.3ms)
Completed 200 OK in 53ms (Views: 10.9ms | GC: 0.6ms)


[ActionDispatch::HostAuthorization::DefaultResponseApp] Blocked hosts: www.example.com
[ActionDispatch::HostAuthorization::DefaultResponseApp] Blocked hosts: www.example.com
[ActionDispatch::HostAuthorization::DefaultResponseApp] Blocked hosts: www.example.com
[ActionDispatch::HostAuthorization::DefaultResponseApp] Blocked hosts: www.example.com
Started GET "/" for 127.0.0.1 at 2026-03-08 17:25:23 +0100
Started GET "/quick_search" for 127.0.0.1 at 2026-03-08 17:25:23 +0100
Processing by PagesController#index as HTML
Processing by PagesController#quick_search as HTML
  Rendering layout layouts/application.html.erb
  Rendering layout layouts/application.html.erb
  Rendering pages/index.html.erb within layouts/application
  Rendering pages/quick_search.html.erb within layouts/application
  Rendered shared/_command_table.html.erb (Duration: 0.3ms | GC: 0.0ms)
  Rendered shared/_command_table.html.erb (Duration: 0.0ms | GC: 0.0ms)
  Rendered shared/_command_table.html.erb (Duration: 0.0ms | GC: 0.0ms)
  Rendered shared/_command_table.html.erb (Duration: 0.0ms | GC: 0.0ms)
  Rendered shared/_command_table.html.erb (Duration: 0.0ms | GC: 0.0ms)
  Rendered shared/_command_table.html.erb (Duration: 0.5ms | GC: 0.0ms)
  Rendered pages/quick_search.html.erb within layouts/application (Duration: 6.9ms | GC: 5.5ms)
  Rendered shared/_command_table.html.erb (Duration: 0.0ms | GC: 0.0ms)
  Rendered shared/_command_table.html.erb (Duration: 0.0ms | GC: 0.0ms)
  Rendered shared/_command_table.html.erb (Duration: 0.0ms | GC: 0.0ms)
  Rendered shared/_command_table.html.erb (Duration: 0.0ms | GC: 0.0ms)
  Rendered shared/_command_table.html.erb (Duration: 0.0ms | GC: 0.0ms)
  Rendered shared/_command_table.html.erb (Duration: 0.0ms | GC: 0.0ms)
  Rendered pages/index.html.erb within layouts/application (Duration: 10.7ms | GC: 6.4ms)
  Rendered layout layouts/application.html.erb (Duration: 21.6ms | GC: 6.6ms)
  Rendered layout layouts/application.html.erb (Duration: 21.6ms | GC: 5.9ms)
Completed 500 Internal Server Error in 177ms (GC: 6.6ms)


Completed 500 Internal Server Error in 177ms (GC: 5.9ms)


  
ActionView::Template::Error (The asset 'app.css' was not found in the load path.)
Caused by: Propshaft::MissingAssetError (The asset 'app.css' was not found in the load path.)

Information for: ActionView::Template::Error (The asset 'app.css' was not found in the load path.):
     8:     <link rel="preconnect" href="https://fonts.googleapis.com">
     9:     <link rel="preconnect" href="https://fonts.gstatic.com" crossorigin>
    10:     <link href="https://fonts.googleapis.com/css?family=Architects+Daughter" rel="stylesheet" type="text/css">
    11:     <%= stylesheet_link_tag "bootstrap-4.6.2.min", "dataTables.bootstrap4.min", :app %>
    12:   </head>
    13: 
    14:   <body id="top">
  
app/views/layouts/application.html.erb:11

Information for cause: Propshaft::MissingAssetError (The asset 'app.css' was not found in the load path.):
  
app/views/layouts/application.html.erb:11
  
ActionView::Template::Error (The asset 'app.css' was not found in the load path.)
Caused by: Propshaft::MissingAssetError (The asset 'app.css' was not found in the load path.)

Information for: ActionView::Template::Error (The asset 'app.css' was not found in the load path.):
     8:     <link rel="preconnect" href="https://fonts.googleapis.com">
     9:     <link rel="preconnect" href="https://fonts.gstatic.com" crossorigin>
    10:     <link href="https://fonts.googleapis.com/css?family=Architects+Daughter" rel="stylesheet" type="text/css">
    11:     <%= stylesheet_link_tag "bootstrap-4.6.2.min", "dataTables.bootstrap4.min", :app %>
    12:   </head>
    13: 
    14:   <body id="top">
  
app/views/layouts/application.html.erb:11

Information for cause: Propshaft::MissingAssetError (The asset 'app.css' was not found in the load path.):
  
app/views/layouts/application.html.erb:11
Started GET "/" for 127.0.0.1 at 2026-03-08 17:25:40 +0100
Processing by PagesController#index as HTML
  Rendering layout layouts/application.html.erb
  Rendering pages/index.html.erb within layouts/application
  Rendered shared/_command_table.html.erb (Duration: 0.3ms | GC: 0.0ms)
  Rendered shared/_command_table.html.erb (Duration: 0.0ms | GC: 0.0ms)
  Rendered shared/_command_table.html.erb (Duration: 0.0ms | GC: 0.0ms)
  Rendered shared/_command_table.html.erb (Duration: 0.0ms | GC: 0.0ms)
  Rendered shared/_command_table.html.erb (Duration: 0.0ms | GC: 0.0ms)
  Rendered shared/_command_table.html.erb (Duration: 0.0ms | GC: 0.0ms)
  Rendered shared/_command_table.html.erb (Duration: 0.0ms | GC: 0.0ms)
  Rendered shared/_command_table.html.erb (Duration: 0.0ms | GC: 0.0ms)
  Rendered shared/_command_table.html.erb (Duration: 0.0ms | GC: 0.0ms)
  Rendered shared/_command_table.html.erb (Duration: 0.0ms | GC: 0.0ms)
  Rendered shared/_command_table.html.erb (Duration: 0.0ms | GC: 0.0ms)
  Rendered pages/index.html.erb within layouts/application (Duration: 2.4ms | GC: 0.0ms)
  Rendered layout layouts/application.html.erb (Duration: 6.7ms | GC: 0.0ms)
Completed 500 Internal Server Error in 43ms (GC: 0.3ms)


  
ActionView::Template::Error (The asset 'app.css' was not found in the load path.)
Caused by: Propshaft::MissingAssetError (The asset 'app.css' was not found in the load path.)

Information for: ActionView::Template::Error (The asset 'app.css' was not found in the load path.):
     8:     <link rel="preconnect" href="https://fonts.googleapis.com">
     9:     <link rel="preconnect" href="https://fonts.gstatic.com" crossorigin>
    10:     <link href="https://fonts.googleapis.com/css?family=Architects+Daughter" rel="stylesheet" type="text/css">
    11:     <%= stylesheet_link_tag "bootstrap-4.6.2.min", "dataTables.bootstrap4.min", :app %>
    12:   </head>
    13: 
    14:   <body id="top">
  
app/views/layouts/application.html.erb:11

Information for cause: Propshaft::MissingAssetError (The asset 'app.css' was not found in the load path.):
  
app/views/layouts/application.html.erb:11
Started GET "/quick_search" for 127.0.0.1 at 2026-03-08 17:26:09 +0100
Started GET "/" for 127.0.0.1 at 2026-03-08 17:26:09 +0100
Processing by PagesController#index as HTML
Processing by PagesController#quick_search as HTML
  Rendering layout layouts/application.html.erb
  Rendering layout layouts/application.html.erb
  Rendering pages/quick_search.html.erb within layouts/application
  Rendering pages/index.html.erb within layouts/application
  Rendered shared/_command_table.html.erb (Duration: 0.4ms | GC: 0.0ms)
  Rendered pages/quick_search.html.erb within layouts/application (Duration: 1.0ms | GC: 0.0ms)
  Rendered shared/_command_table.html.erb (Duration: 0.2ms | GC: 0.0ms)
  Rendered shared/_command_table.html.erb (Duration: 0.0ms | GC: 0.0ms)
  Rendered shared/_command_table.html.erb (Duration: 0.0ms | GC: 0.0ms)
  Rendered shared/_command_table.html.erb (Duration: 0.0ms | GC: 0.0ms)
  Rendered shared/_command_table.html.erb (Duration: 0.0ms | GC: 0.0ms)
  Rendered shared/_command_table.html.erb (Duration: 0.0ms | GC: 0.0ms)
  Rendered shared/_command_table.html.erb (Duration: 0.0ms | GC: 0.0ms)
  Rendered shared/_command_table.html.erb (Duration: 0.0ms | GC: 0.0ms)
  Rendered shared/_command_table.html.erb (Duration: 0.0ms | GC: 0.0ms)
  Rendered shared/_command_table.html.erb (Duration: 0.0ms | GC: 0.0ms)
  Rendered shared/_command_table.html.erb (Duration: 0.0ms | GC: 0.0ms)
  Rendered pages/index.html.erb within layouts/application (Duration: 1.9ms | GC: 0.0ms)
  Rendered layout layouts/application.html.erb (Duration: 9.9ms | GC: 0.0ms)
Completed 200 OK in 67ms (Views: 12.7ms | GC: 0.4ms)


  Rendered layout layouts/application.html.erb (Duration: 10.9ms | GC: 5.4ms)
Completed 200 OK in 67ms (Views: 13.6ms | GC: 5.4ms)


Started GET "/" for 127.0.0.1 at 2026-03-08 17:27:51 +0100
Processing by PagesController#index as HTML
  Rendering layout layouts/application.html.erb
  Rendering pages/index.html.erb within layouts/application
  Rendered shared/_command_table.html.erb (Duration: 0.4ms | GC: 0.0ms)
  Rendered shared/_command_table.html.erb (Duration: 0.0ms | GC: 0.0ms)
  Rendered shared/_command_table.html.erb (Duration: 0.0ms | GC: 0.0ms)
  Rendered shared/_command_table.html.erb (Duration: 0.0ms | GC: 0.0ms)
  Rendered shared/_command_table.html.erb (Duration: 0.0ms | GC: 0.0ms)
  Rendered shared/_command_table.html.erb (Duration: 0.0ms | GC: 0.0ms)
  Rendered shared/_command_table.html.erb (Duration: 0.0ms | GC: 0.0ms)
  Rendered shared/_command_table.html.erb (Duration: 0.0ms | GC: 0.0ms)
  Rendered shared/_command_table.html.erb (Duration: 0.0ms | GC: 0.0ms)
  Rendered shared/_command_table.html.erb (Duration: 0.0ms | GC: 0.0ms)
  Rendered shared/_command_table.html.erb (Duration: 0.0ms | GC: 0.0ms)
  Rendered pages/index.html.erb within layouts/application (Duration: 10.9ms | GC: 0.2ms)
  Rendered layout layouts/application.html.erb (Duration: 84.3ms | GC: 0.8ms)
Completed 200 OK in 158ms (Views: 106.7ms | GC: 1.0ms)


Removed sourceMappingURL comment for missing asset 'bootstrap.min.css.map' from bootstrap-4.6.2.min.css
Removed sourceMappingURL comment for missing asset 'bootstrap.bundle.min.js.map' from bootstrap-4.6.2.bundle.min.js
Started GET "/quick_search" for 127.0.0.1 at 2026-03-08 17:27:57 +0100
Processing by PagesController#quick_search as HTML
  Rendering layout layouts/application.html.erb
  Rendering pages/quick_search.html.erb within layouts/application
  Rendered shared/_command_table.html.erb (Duration: 0.6ms | GC: 0.0ms)
  Rendered pages/quick_search.html.erb within layouts/application (Duration: 1.4ms | GC: 0.0ms)
  Rendered layout layouts/application.html.erb (Duration: 2.6ms | GC: 0.0ms)
Completed 200 OK in 53ms (Views: 3.1ms | GC: 0.0ms)


Started GET "/" for 127.0.0.1 at 2026-03-08 17:32:48 +0100
Processing by PagesController#index as HTML
  Rendering layout layouts/application.html.erb
  Rendering pages/index.html.erb within layouts/application
  Rendered shared/_command_table.html.erb (Duration: 0.1ms | GC: 0.0ms)
  Rendered shared/_command_table.html.erb (Duration: 0.0ms | GC: 0.0ms)
  Rendered shared/_command_table.html.erb (Duration: 0.0ms | GC: 0.0ms)
  Rendered shared/_command_table.html.erb (Duration: 0.0ms | GC: 0.0ms)
  Rendered shared/_command_table.html.erb (Duration: 0.0ms | GC: 0.0ms)
  Rendered shared/_command_table.html.erb (Duration: 0.0ms | GC: 0.0ms)
  Rendered shared/_command_table.html.erb (Duration: 0.0ms | GC: 0.0ms)
  Rendered shared/_command_table.html.erb (Duration: 0.0ms | GC: 0.0ms)
  Rendered shared/_command_table.html.erb (Duration: 0.0ms | GC: 0.0ms)
  Rendered shared/_command_table.html.erb (Duration: 0.0ms | GC: 0.0ms)
  Rendered shared/_command_table.html.erb (Duration: 0.0ms | GC: 0.0ms)
  Rendered pages/index.html.erb within layouts/application (Duration: 1.9ms | GC: 0.0ms)
  Rendered layout layouts/application.html.erb (Duration: 2.5ms | GC: 0.0ms)
Completed 200 OK in 20ms (Views: 2.7ms | GC: 0.0ms)


Started GET "/quick_search" for 127.0.0.1 at 2026-03-08 17:32:51 +0100
Processing by PagesController#quick_search as HTML
  Rendering layout layouts/application.html.erb
  Rendering pages/quick_search.html.erb within layouts/application
  Rendered shared/_command_table.html.erb (Duration: 0.2ms | GC: 0.0ms)
  Rendered pages/quick_search.html.erb within layouts/application (Duration: 0.3ms | GC: 0.0ms)
  Rendered layout layouts/application.html.erb (Duration: 0.9ms | GC: 0.0ms)
Completed 200 OK in 17ms (Views: 1.1ms | GC: 0.0ms)


Started GET "/" for 127.0.0.1 at 2026-03-08 17:32:52 +0100
Processing by PagesController#index as HTML
  Rendering layout layouts/application.html.erb
  Rendering pages/index.html.erb within layouts/application
  Rendered shared/_command_table.html.erb (Duration: 0.1ms | GC: 0.0ms)
  Rendered shared/_command_table.html.erb (Duration: 0.0ms | GC: 0.0ms)
  Rendered shared/_command_table.html.erb (Duration: 0.0ms | GC: 0.0ms)
  Rendered shared/_command_table.html.erb (Duration: 0.0ms | GC: 0.0ms)
  Rendered shared/_command_table.html.erb (Duration: 0.0ms | GC: 0.0ms)
  Rendered shared/_command_table.html.erb (Duration: 0.0ms | GC: 0.0ms)
  Rendered shared/_command_table.html.erb (Duration: 0.0ms | GC: 0.0ms)
  Rendered shared/_command_table.html.erb (Duration: 0.0ms | GC: 0.0ms)
  Rendered shared/_command_table.html.erb (Duration: 0.0ms | GC: 0.0ms)
  Rendered shared/_command_table.html.erb (Duration: 0.0ms | GC: 0.0ms)
  Rendered shared/_command_table.html.erb (Duration: 0.0ms | GC: 0.0ms)
  Rendered pages/index.html.erb within layouts/application (Duration: 2.2ms | GC: 0.0ms)
  Rendered layout layouts/application.html.erb (Duration: 3.1ms | GC: 0.0ms)
Completed 200 OK in 23ms (Views: 3.4ms | GC: 0.0ms)


Started GET "/quick_search" for 127.0.0.1 at 2026-03-08 17:43:38 +0100
Started GET "/" for 127.0.0.1 at 2026-03-08 17:43:38 +0100
Processing by PagesController#quick_search as HTML
Processing by PagesController#index as HTML
  Rendering layout layouts/application.html.erb
  Rendering layout layouts/application.html.erb
  Rendering pages/quick_search.html.erb within layouts/application
  Rendering pages/index.html.erb within layouts/application
  Rendered pages/index.html.erb within layouts/application (Duration: 0.7ms | GC: 0.0ms)
  Rendered shared/_command_table.html.erb (Duration: 0.6ms | GC: 0.0ms)
  Rendered pages/quick_search.html.erb within layouts/application (Duration: 7.8ms | GC: 5.9ms)
  Rendered layout layouts/application.html.erb (Duration: 103.2ms | GC: 6.2ms)
  Rendered layout layouts/application.html.erb (Duration: 103.2ms | GC: 5.9ms)
Completed 200 OK in 265ms (Views: 121.2ms | GC: 6.2ms)


Completed 200 OK in 265ms (Views: 121.3ms | GC: 5.9ms)


Started GET "/" for 127.0.0.1 at 2026-03-08 17:44:59 +0100
Processing by PagesController#index as HTML
  Rendering layout layouts/application.html.erb
  Rendering pages/index.html.erb within layouts/application
  Rendered pages/index.html.erb within layouts/application (Duration: 0.7ms | GC: 0.0ms)
  Rendered layout layouts/application.html.erb (Duration: 48.8ms | GC: 1.2ms)
Completed 200 OK in 114ms (Views: 54.4ms | GC: 1.5ms)


Started GET "/quick_search" for 127.0.0.1 at 2026-03-08 17:45:03 +0100
Processing by PagesController#quick_search as HTML
  Rendering layout layouts/application.html.erb
  Rendering pages/quick_search.html.erb within layouts/application
  Rendered shared/_command_table.html.erb (Duration: 0.5ms | GC: 0.0ms)
  Rendered pages/quick_search.html.erb within layouts/application (Duration: 1.6ms | GC: 0.0ms)
  Rendered layout layouts/application.html.erb (Duration: 2.2ms | GC: 0.0ms)
Completed 200 OK in 23ms (Views: 2.4ms | GC: 0.0ms)


Started GET "/quick_search" for 127.0.0.1 at 2026-03-08 17:48:19 +0100
Processing by PagesController#quick_search as HTML
  Rendering layout layouts/application.html.erb
  Rendering pages/quick_search.html.erb within layouts/application
  Rendered shared/_command_table.html.erb (Duration: 4.3ms | GC: 0.0ms)
  Rendered pages/quick_search.html.erb within layouts/application (Duration: 24.8ms | GC: 0.0ms)
  Rendered layout layouts/application.html.erb (Duration: 157.7ms | GC: 1.9ms)
Completed 200 OK in 402ms (Views: 216.1ms | GC: 2.3ms)


Started GET "/quick_search" for 127.0.0.1 at 2026-03-08 17:50:39 +0100
Processing by PagesController#quick_search as HTML
  Rendering layout layouts/application.html.erb
  Rendering pages/quick_search.html.erb within layouts/application
  Rendered shared/_command_table.html.erb (Duration: 0.7ms | GC: 0.2ms)
  Rendered pages/quick_search.html.erb within layouts/application (Duration: 1.6ms | GC: 0.2ms)
  Rendered layout layouts/application.html.erb (Duration: 12.3ms | GC: 0.9ms)
Completed 200 OK in 62ms (Views: 17.0ms | GC: 1.2ms)


Started GET "/quick_search" for 127.0.0.1 at 2026-03-08 17:52:04 +0100
Processing by PagesController#quick_search as HTML
  Rendering layout layouts/application.html.erb
  Rendering pages/quick_search.html.erb within layouts/application
  Rendered shared/_command_table.html.erb (Duration: 0.7ms | GC: 0.3ms)
  Rendered pages/quick_search.html.erb within layouts/application (Duration: 1.6ms | GC: 0.3ms)
  Rendered layout layouts/application.html.erb (Duration: 12.5ms | GC: 1.1ms)
Completed 200 OK in 63ms (Views: 17.6ms | GC: 1.4ms)


Started GET "/" for 127.0.0.1 at 2026-03-19 21:31:34 +0100
Processing by PagesController#index as HTML
  Rendering layout layouts/application.html.erb
  Rendering pages/index.html.erb within layouts/application
  Rendered pages/index.html.erb within layouts/application (Duration: 0.7ms | GC: 0.0ms)
  Rendered layout layouts/application.html.erb (Duration: 88.4ms | GC: 0.7ms)
Completed 200 OK in 149ms (Views: 104.0ms | GC: 0.9ms)


Removed sourceMappingURL comment for missing asset 'bootstrap.min.css.map' from bootstrap-4.6.2.min.css
Removed sourceMappingURL comment for missing asset 'bootstrap.bundle.min.js.map' from bootstrap-4.6.2.bundle.min.js
Started GET "/" for 127.0.0.1 at 2026-03-19 21:32:16 +0100
Processing by PagesController#index as HTML
  Rendering layout layouts/application.html.erb
  Rendering pages/index.html.erb within layouts/application
  Rendered pages/index.html.erb within layouts/application (Duration: 0.7ms | GC: 0.0ms)
  Rendered layout layouts/application.html.erb (Duration: 11.6ms | GC: 0.9ms)
Completed 200 OK in 58ms (Views: 15.0ms | GC: 1.1ms)


Started GET "/" for 127.0.0.1 at 2026-03-19 21:37:26 +0100
Processing by PagesController#index as HTML
  Rendering layout layouts/application.html.erb
  Rendering pages/index.html.erb within layouts/application
  Rendered pages/index.html.erb within layouts/application (Duration: 0.6ms | GC: 0.0ms)
  Rendered layout layouts/application.html.erb (Duration: 15.0ms | GC: 0.6ms)
Completed 200 OK in 70ms (Views: 25.9ms | GC: 1.1ms)


Started GET "/" for 127.0.0.1 at 2026-03-19 21:37:31 +0100
Processing by PagesController#index as HTML
  Rendering layout layouts/application.html.erb
  Rendering pages/index.html.erb within layouts/application
  Rendered pages/index.html.erb within layouts/application (Duration: 0.1ms | GC: 0.0ms)
  Rendered layout layouts/application.html.erb (Duration: 0.9ms | GC: 0.0ms)
Completed 200 OK in 22ms (Views: 1.1ms | GC: 0.0ms)


Started GET "/" for 127.0.0.1 at 2026-03-19 21:37:34 +0100
Processing by PagesController#index as HTML
  Rendering layout layouts/application.html.erb
  Rendering pages/index.html.erb within layouts/application
  Rendered pages/index.html.erb within layouts/application (Duration: 0.1ms | GC: 0.0ms)
  Rendered layout layouts/application.html.erb (Duration: 0.7ms | GC: 0.0ms)
Completed 200 OK in 21ms (Views: 0.9ms | GC: 0.0ms)


Started GET "/quick_search" for 127.0.0.1 at 2026-03-19 21:38:17 +0100
Processing by PagesController#quick_search as HTML
  Rendering layout layouts/application.html.erb
  Rendering pages/quick_search.html.erb within layouts/application
  Rendered shared/_command_table.html.erb (Duration: 0.6ms | GC: 0.0ms)
  Rendered pages/quick_search.html.erb within layouts/application (Duration: 1.7ms | GC: 0.0ms)
  Rendered layout layouts/application.html.erb (Duration: 2.4ms | GC: 0.0ms)
Completed 200 OK in 26ms (Views: 2.6ms | GC: 0.0ms)


Started GET "/" for 127.0.0.1 at 2026-03-19 21:38:29 +0100
Processing by PagesController#index as HTML
  Rendering layout layouts/application.html.erb
  Rendering pages/index.html.erb within layouts/application
  Rendered pages/index.html.erb within layouts/application (Duration: 0.1ms | GC: 0.0ms)
  Rendered layout layouts/application.html.erb (Duration: 0.8ms | GC: 0.0ms)
Completed 200 OK in 22ms (Views: 1.0ms | GC: 0.0ms)


Started GET "/" for 127.0.0.1 at 2026-03-19 21:40:04 +0100
Processing by PagesController#index as HTML
  Rendering layout layouts/application.html.erb
  Rendering pages/index.html.erb within layouts/application
  Rendered pages/index.html.erb within layouts/application (Duration: 0.7ms | GC: 0.0ms)
  Rendered layout layouts/application.html.erb (Duration: 7.0ms | GC: 0.7ms)
Completed 200 OK in 48ms (Views: 10.9ms | GC: 0.9ms)


Started GET "/" for 127.0.0.1 at 2026-03-19 21:40:04 +0100
Processing by PagesController#index as HTML
  Rendering layout layouts/application.html.erb
  Rendering pages/index.html.erb within layouts/application
  Rendered pages/index.html.erb within layouts/application (Duration: 0.1ms | GC: 0.0ms)
  Rendered layout layouts/application.html.erb (Duration: 0.7ms | GC: 0.0ms)
Completed 200 OK in 18ms (Views: 1.0ms | GC: 0.0ms)


Started GET "/" for 127.0.0.1 at 2026-03-19 21:40:07 +0100
Processing by PagesController#index as HTML
  Rendering layout layouts/application.html.erb
  Rendering pages/index.html.erb within layouts/application
  Rendered pages/index.html.erb within layouts/application (Duration: 0.1ms | GC: 0.0ms)
  Rendered layout layouts/application.html.erb (Duration: 0.8ms | GC: 0.0ms)
Completed 200 OK in 23ms (Views: 1.0ms | GC: 0.0ms)


Started GET "/" for 127.0.0.1 at 2026-03-19 21:40:11 +0100
Processing by PagesController#index as HTML
  Rendering layout layouts/application.html.erb
  Rendering pages/index.html.erb within layouts/application
  Rendered pages/index.html.erb within layouts/application (Duration: 0.1ms | GC: 0.0ms)
  Rendered layout layouts/application.html.erb (Duration: 1.1ms | GC: 0.0ms)
Completed 200 OK in 25ms (Views: 1.4ms | GC: 0.0ms)


Started GET "/quick_search" for 127.0.0.1 at 2026-03-19 21:40:12 +0100
Processing by PagesController#quick_search as HTML
  Rendering layout layouts/application.html.erb
  Rendering pages/quick_search.html.erb within layouts/application
  Rendered shared/_command_table.html.erb (Duration: 0.8ms | GC: 0.0ms)
  Rendered pages/quick_search.html.erb within layouts/application (Duration: 7.0ms | GC: 0.0ms)
  Rendered layout layouts/application.html.erb (Duration: 7.8ms | GC: 0.0ms)
Completed 200 OK in 40ms (Views: 8.1ms | GC: 0.0ms)


Started GET "/" for 127.0.0.1 at 2026-03-19 21:40:15 +0100
Processing by PagesController#index as HTML
  Rendering layout layouts/application.html.erb
  Rendering pages/index.html.erb within layouts/application
  Rendered pages/index.html.erb within layouts/application (Duration: 0.1ms | GC: 0.0ms)
  Rendered layout layouts/application.html.erb (Duration: 1.2ms | GC: 0.0ms)
Completed 200 OK in 26ms (Views: 1.5ms | GC: 0.0ms)


Started GET "/" for 127.0.0.1 at 2026-03-19 21:41:44 +0100
Processing by PagesController#index as HTML
  Rendering layout layouts/application.html.erb
  Rendering pages/index.html.erb within layouts/application
  Rendered pages/index.html.erb within layouts/application (Duration: 0.7ms | GC: 0.0ms)
  Rendered layout layouts/application.html.erb (Duration: 18.5ms | GC: 0.8ms)
Completed 200 OK in 126ms (Views: 33.0ms | GC: 1.0ms)


Started GET "/" for 127.0.0.1 at 2026-03-19 21:42:02 +0100
Processing by PagesController#index as HTML
  Rendering layout layouts/application.html.erb
  Rendering pages/index.html.erb within layouts/application
  Rendered pages/index.html.erb within layouts/application (Duration: 0.2ms | GC: 0.0ms)
  Rendered layout layouts/application.html.erb (Duration: 1.3ms | GC: 0.0ms)
Completed 200 OK in 36ms (Views: 1.8ms | GC: 0.0ms)


Started GET "/" for 127.0.0.1 at 2026-03-19 21:47:01 +0100
Processing by PagesController#index as HTML
  Rendering layout layouts/application.html.erb
  Rendering pages/index.html.erb within layouts/application
  Rendered pages/index.html.erb within layouts/application (Duration: 0.5ms | GC: 0.0ms)
  Rendered layout layouts/application.html.erb (Duration: 4.9ms | GC: 0.7ms)
Completed 200 OK in 58ms (Views: 8.3ms | GC: 0.9ms)


Started GET "/quick_search" for 127.0.0.1 at 2026-03-19 21:47:03 +0100
Processing by PagesController#quick_search as HTML
  Rendering layout layouts/application.html.erb
  Rendering pages/quick_search.html.erb within layouts/application
  Rendered shared/_command_table.html.erb (Duration: 0.5ms | GC: 0.0ms)
  Rendered pages/quick_search.html.erb within layouts/application (Duration: 80.8ms | GC: 0.0ms)
  Rendered layout layouts/application.html.erb (Duration: 81.3ms | GC: 0.0ms)
Completed 200 OK in 109ms (Views: 81.5ms | GC: 0.0ms)


Started GET "/" for 127.0.0.1 at 2026-03-19 21:47:06 +0100
Processing by PagesController#index as HTML
  Rendering layout layouts/application.html.erb
  Rendering pages/index.html.erb within layouts/application
  Rendered pages/index.html.erb within layouts/application (Duration: 0.1ms | GC: 0.0ms)
  Rendered layout layouts/application.html.erb (Duration: 0.8ms | GC: 0.0ms)
Completed 200 OK in 24ms (Views: 1.0ms | GC: 0.0ms)


[ActionDispatch::HostAuthorization::DefaultResponseApp] Blocked hosts: www.example.com
Started GET "/quick_search" for 127.0.0.1 at 2026-03-19 22:22:20 +0100
Processing by PagesController#quick_search as HTML
  Rendering layout layouts/application.html.erb
  Rendering pages/quick_search.html.erb within layouts/application
  Rendered shared/_command_table.html.erb (Duration: 0.6ms | GC: 0.0ms)
  Rendered pages/quick_search.html.erb within layouts/application (Duration: 63.7ms | GC: 0.0ms)
  Rendered layout layouts/application.html.erb (Duration: 65.9ms | GC: 0.0ms)
Completed 200 OK in 121ms (Views: 68.1ms | GC: 1.1ms)


Started GET "/" for 127.0.0.1 at 2026-03-19 22:36:45 +0100
Processing by PagesController#show as HTML
  Parameters: {"page" => "convention"}
  Rendering layout layouts/application.html.erb
  Rendering pages/show.html.erb within layouts/application
  Rendered pages/show.html.erb within layouts/application (Duration: 0.6ms | GC: 0.3ms)
  Rendered layout layouts/application.html.erb (Duration: 11.9ms | GC: 6.6ms)
Completed 200 OK in 67ms (Views: 17.2ms | GC: 10.7ms)


Started GET "/" for 127.0.0.1 at 2026-03-19 22:36:47 +0100
Processing by PagesController#show as HTML
  Parameters: {"page" => "convention"}
  Rendering layout layouts/application.html.erb
  Rendering pages/show.html.erb within layouts/application
  Rendered pages/show.html.erb within layouts/application (Duration: 0.1ms | GC: 0.0ms)
  Rendered layout layouts/application.html.erb (Duration: 1.5ms | GC: 0.3ms)
Completed 200 OK in 29ms (Views: 1.9ms | GC: 0.3ms)


Started GET "/console" for 127.0.0.1 at 2026-03-19 22:36:48 +0100
Processing by PagesController#show as HTML
  Parameters: {"page" => "console"}
  Rendering layout layouts/application.html.erb
  Rendering pages/show.html.erb within layouts/application
  Rendered shared/_command_table.html.erb (Duration: 0.8ms | GC: 0.0ms)
  Rendered pages/show.html.erb within layouts/application (Duration: 2.3ms | GC: 0.0ms)
  Rendered layout layouts/application.html.erb (Duration: 3.6ms | GC: 0.0ms)
Completed 200 OK in 31ms (Views: 3.9ms | GC: 0.0ms)


Started GET "/ruby" for 127.0.0.1 at 2026-03-19 22:36:50 +0100
Processing by PagesController#show as HTML
  Parameters: {"page" => "ruby"}
  Rendering layout layouts/application.html.erb
  Rendering pages/show.html.erb within layouts/application
  Rendered pages/show.html.erb within layouts/application (Duration: 0.3ms | GC: 0.0ms)
  Rendered layout layouts/application.html.erb (Duration: 1.3ms | GC: 0.0ms)
Completed 200 OK in 23ms (Views: 1.5ms | GC: 0.0ms)


Started GET "/rails-folder-structure" for 127.0.0.1 at 2026-03-19 22:36:51 +0100
Processing by PagesController#show as HTML
  Parameters: {"page" => "rails-folder-structure"}
  Rendering layout layouts/application.html.erb
  Rendering pages/show.html.erb within layouts/application
  Rendered shared/_command_table.html.erb (Duration: 0.0ms | GC: 0.0ms)
  Rendered pages/show.html.erb within layouts/application (Duration: 0.2ms | GC: 0.0ms)
  Rendered layout layouts/application.html.erb (Duration: 1.8ms | GC: 0.5ms)
Completed 200 OK in 30ms (Views: 2.0ms | GC: 0.5ms)


Started GET "/editor" for 127.0.0.1 at 2026-03-19 22:36:51 +0100
Processing by PagesController#show as HTML
  Parameters: {"page" => "editor"}
  Rendering layout layouts/application.html.erb
  Rendering pages/show.html.erb within layouts/application
  Rendered shared/_command_table.html.erb (Duration: 0.0ms | GC: 0.0ms)
  Rendered pages/show.html.erb within layouts/application (Duration: 0.2ms | GC: 0.0ms)
  Rendered layout layouts/application.html.erb (Duration: 1.0ms | GC: 0.0ms)
Completed 200 OK in 23ms (Views: 1.2ms | GC: 0.0ms)


[ActionDispatch::HostAuthorization::DefaultResponseApp] Blocked hosts: www.example.com
Started GET "/quick_search" for 127.0.0.1 at 2026-03-19 23:00:06 +0100
Processing by PagesController#quick_search as HTML
  Rendering layout layouts/application.html.erb
  Rendering pages/quick_search.html.erb within layouts/application
  Rendered shared/_command_table.html.erb (Duration: 1.6ms | GC: 0.9ms)
  Rendered pages/quick_search.html.erb within layouts/application (Duration: 78.6ms | GC: 1.1ms)
  Rendered layout layouts/application.html.erb (Duration: 83.5ms | GC: 1.1ms)
Completed 200 OK in 175ms (Views: 100.5ms | GC: 8.3ms)


Started GET "/console" for 127.0.0.1 at 2026-03-19 23:10:21 +0100
Processing by PagesController#show as HTML
  Parameters: {"page" => "console"}
  Rendering layout layouts/application.html.erb
  Rendering pages/show.html.erb within layouts/application
  Rendered shared/_command_table.html.erb (Duration: 0.6ms | GC: 0.3ms)
  Rendered pages/show.html.erb within layouts/application (Duration: 1.9ms | GC: 0.9ms)
  Rendered layout layouts/application.html.erb (Duration: 11.8ms | GC: 6.5ms)
Completed 200 OK in 66ms (Views: 16.7ms | GC: 10.6ms)


Started GET "/quick_search" for 127.0.0.1 at 2026-03-19 23:10:27 +0100
Processing by PagesController#quick_search as HTML
  Rendering layout layouts/application.html.erb
  Rendering pages/quick_search.html.erb within layouts/application
  Rendered shared/_command_table.html.erb (Duration: 0.4ms | GC: 0.0ms)
  Rendered pages/quick_search.html.erb within layouts/application (Duration: 3.6ms | GC: 0.0ms)
  Rendered layout layouts/application.html.erb (Duration: 4.1ms | GC: 0.0ms)
Completed 200 OK in 29ms (Views: 4.5ms | GC: 0.2ms)


Started GET "/" for 127.0.0.1 at 2026-03-19 23:17:12 +0100
Processing by PagesController#show as HTML
  Parameters: {"page" => "convention"}
  Rendering layout layouts/application.html.erb
  Rendering pages/show.html.erb within layouts/application
  Rendered pages/show.html.erb within layouts/application (Duration: 0.5ms | GC: 0.0ms)
  Rendered layout layouts/application.html.erb (Duration: 11.9ms | GC: 0.0ms)
Completed 200 OK in 120ms (Views: 55.4ms | GC: 0.9ms)


Started GET "/quick_search" for 127.0.0.1 at 2026-03-19 23:17:21 +0100
Processing by PagesController#quick_search as HTML
  Rendering layout layouts/application.html.erb
  Rendering pages/quick_search.html.erb within layouts/application
  Rendered shared/_command_table.html.erb (Duration: 0.8ms | GC: 0.0ms)
  Rendered pages/quick_search.html.erb within layouts/application (Duration: 152.7ms | GC: 0.0ms)
  Rendered layout layouts/application.html.erb (Duration: 153.6ms | GC: 0.0ms)
Completed 200 OK in 196ms (Views: 153.9ms | GC: 0.0ms)


